 next is setrmt 
 next is nn 
 specify nn-bondlength factor: (usually=2) [and optionally dlimit, dstmax (about
  1.d-5, 20)]
 DSTMAX:   22.0000004768372     
 iix,iiy,iiz           5           5           5   23.9090100000000     
   48.5174100000000        41.8860900000000     
 NAMED ATOM: Pr1       Z changed to IATNR+999 to determine equivalency

    ATOM  1  Pr1        ATOM  1  Pr1       
 RMT(  1)=2.30000 AND RMT(  1)=2.30000
 SUMS TO 4.60000  LT.  NN-DIST= 4.63696
0.000u 0.003s 0:00.00 0.0%	0+0k 0+48io 0pf+0w
 next is sgroup 
>   sgroup	(13:16:30) 0.001u 0.000s 0:00.00 0.0%	0+0k 0+8io 0pf+0w
  Names of point group: mm2    mm2    C2v
Number and name of space group: 63 (C m c m)
 next is symmetry 
>   symmetry	(13:16:30)  SPACE GROUP CONTAINS INVERSION
0.001u 0.001s 0:00.00 0.0%	0+0k 0+32io 0pf+0w
 next is lstart 
 1 Atoms found:  with labels Pr1  
generate atomic configuration for atom 1 : Pr1
  SELECT XCPOT:
  recommended: PBE    [(13) GGA of Perdew-Burke-Ernzerhof 96]
               LDA    [( 5)]
               WC     [(11)  GGA of Wu-Cohen 2006]
               PBESOL [(19) GGA of Perdew etal. 2008]
  SELECT ENERGY to separate core and valence states:
  recommended: -6.0 Ry (check how much core charge leaks out of MT-sphere)
  ALTERNATIVELY: specify charge localization
  (between 0.97 and 1.0) to select core state

Atomic configuration for atom: Pr1   Z=  59.00
          E-up(Ry)      E-dn(Ry)   Occupancy   q/sphere  core-state
  1S   -3068.055446  -3068.055485  1.00  1.00    1.0000  T
  2S    -493.822655   -493.819390  1.00  1.00    1.0000  T
  2P*   -466.919788   -466.917603  1.00  1.00    1.0000  T
  2P    -431.523178   -431.520585  2.00  2.00    1.0000  T
  3S    -106.939719   -106.895496  1.00  1.00    1.0000  T
  3P*    -95.475455    -95.434740  1.00  1.00    1.0000  T
  3P     -88.470282    -88.424910  2.00  2.00    1.0000  T
  3D*    -68.391526    -68.356854  2.00  2.00    1.0000  T
  3D     -66.880676    -66.844792  3.00  3.00    1.0000  T
  4S     -21.655261    -21.541183  1.00  1.00    1.0000  T
  4P*    -17.361942    -17.247810  1.00  1.00    1.0000  T
  4P     -15.834490    -15.720255  2.00  2.00    1.0000  T
  4D*     -8.766986     -8.653007  2.00  2.00    0.9999  T
  4D      -8.497493     -8.383588  3.00  3.00    0.9998  T
  5S      -3.133362     -3.047345  1.00  1.00    0.9377  F
  5P*     -1.949743     -1.870655  1.00  1.00    0.8663  F
  5P      -1.725098     -1.649138  2.00  2.00    0.8288  F
  4F*     -0.522249     -0.416202  2.00  0.00    0.9616  F
  4F      -0.493311     -0.387589  0.00  0.00    0.0000  F
  5D*     -0.257537     -0.207275  1.00  0.00    0.3926  F
  6S      -0.300172     -0.273162  1.00  1.00    0.0602  F
>   inputfiles prepared	(13:16:31)  
 inputfiles prepared 
 next is kgen 
  NUMBER OF K-POINTS IN WHOLE CELL: (0 allows to specify 3 divisions of G)
 length of reciprocal lattice vectors:   1.465   1.465   0.750  16.965  16.965   8.686
  Shift of k-mesh allowed. Do you want to shift: (0=no, 1=shift)
         288  k-points generated, ndiv=          16          16           8
 next is dstart 
>   dstart  -p > & .mist	(13:16:31) running dstart in single mode
 C  T F
DSTART ENDS
0.487u 0.014s 0:00.50 98.0%	0+0k 0+728io 0pf+0w

-----> new case.in0 generated
  init_lapw finished ok  
 next is setrmt 
 next is nn 
 specify nn-bondlength factor: (usually=2) [and optionally dlimit, dstmax (about
  1.d-5, 20)]
 DSTMAX:   22.0000004768372     
 iix,iiy,iiz           5           5           5   24.5555100000000     
   49.8293200000000        43.0186900000000     
 NAMED ATOM: Pr1       Z changed to IATNR+999 to determine equivalency

    ATOM  1  Pr1        ATOM  1  Pr1       
 RMT(  1)=2.30000 AND RMT(  1)=2.30000
 SUMS TO 4.60000  LT.  NN-DIST= 4.76235
0.000u 0.002s 0:00.00 0.0%	0+0k 0+48io 0pf+0w
 next is sgroup 
>   sgroup	(13:16:31) 0.000u 0.001s 0:00.00 0.0%	0+0k 0+8io 0pf+0w
  Names of point group: mm2    mm2    C2v
Number and name of space group: 63 (C m c m)
 next is symmetry 
>   symmetry	(13:16:31)  SPACE GROUP CONTAINS INVERSION
0.001u 0.001s 0:00.00 0.0%	0+0k 0+32io 0pf+0w
 next is lstart 
 1 Atoms found:  with labels Pr1  
generate atomic configuration for atom 1 : Pr1
  SELECT XCPOT:
  recommended: PBE    [(13) GGA of Perdew-Burke-Ernzerhof 96]
               LDA    [( 5)]
               WC     [(11)  GGA of Wu-Cohen 2006]
               PBESOL [(19) GGA of Perdew etal. 2008]
  SELECT ENERGY to separate core and valence states:
  recommended: -6.0 Ry (check how much core charge leaks out of MT-sphere)
  ALTERNATIVELY: specify charge localization
  (between 0.97 and 1.0) to select core state

Atomic configuration for atom: Pr1   Z=  59.00
          E-up(Ry)      E-dn(Ry)   Occupancy   q/sphere  core-state
  1S   -3068.055446  -3068.055485  1.00  1.00    1.0000  T
  2S    -493.822655   -493.819390  1.00  1.00    1.0000  T
  2P*   -466.919788   -466.917603  1.00  1.00    1.0000  T
  2P    -431.523178   -431.520585  2.00  2.00    1.0000  T
  3S    -106.939719   -106.895496  1.00  1.00    1.0000  T
  3P*    -95.475455    -95.434740  1.00  1.00    1.0000  T
  3P     -88.470282    -88.424910  2.00  2.00    1.0000  T
  3D*    -68.391526    -68.356854  2.00  2.00    1.0000  T
  3D     -66.880676    -66.844792  3.00  3.00    1.0000  T
  4S     -21.655261    -21.541183  1.00  1.00    1.0000  T
  4P*    -17.361942    -17.247810  1.00  1.00    1.0000  T
  4P     -15.834490    -15.720255  2.00  2.00    1.0000  T
  4D*     -8.766986     -8.653007  2.00  2.00    0.9999  T
  4D      -8.497493     -8.383588  3.00  3.00    0.9998  T
  5S      -3.133362     -3.047345  1.00  1.00    0.9377  F
  5P*     -1.949743     -1.870655  1.00  1.00    0.8663  F
  5P      -1.725098     -1.649138  2.00  2.00    0.8288  F
  4F*     -0.522249     -0.416202  2.00  0.00    0.9616  F
  4F      -0.493311     -0.387589  0.00  0.00    0.0000  F
  5D*     -0.257537     -0.207275  1.00  0.00    0.3926  F
  6S      -0.300172     -0.273162  1.00  1.00    0.0602  F
>   inputfiles prepared	(13:16:32)  
 inputfiles prepared 
 next is kgen 
  NUMBER OF K-POINTS IN WHOLE CELL: (0 allows to specify 3 divisions of G)
 length of reciprocal lattice vectors:   1.426   1.426   0.730  16.965  16.965   8.686
  Shift of k-mesh allowed. Do you want to shift: (0=no, 1=shift)
         288  k-points generated, ndiv=          16          16           8
 next is dstart 
>   dstart  -p > & .mist	(13:16:32) running dstart in single mode
 C  T F
DSTART ENDS
0.469u 0.016s 0:00.48 97.9%	0+0k 0+744io 0pf+0w

-----> new case.in0 generated
  init_lapw finished ok  
 next is setrmt 
 next is nn 
 specify nn-bondlength factor: (usually=2) [and optionally dlimit, dstmax (about
  1.d-5, 20)]
 DSTMAX:   22.0000004768372     
 iix,iiy,iiz           5           5           5   25.1696500000000     
   51.0755700000000        44.0946000000000     
 NAMED ATOM: Pr1       Z changed to IATNR+999 to determine equivalency

    ATOM  1  Pr1        ATOM  1  Pr1       
 RMT(  1)=2.30000 AND RMT(  1)=2.30000
 SUMS TO 4.60000  LT.  NN-DIST= 4.88145
0.002u 0.002s 0:00.00 0.0%	0+0k 0+48io 0pf+0w
 next is sgroup 
>   sgroup	(13:16:32) 0.000u 0.001s 0:00.00 0.0%	0+0k 0+8io 0pf+0w
  Names of point group: mm2    mm2    C2v
Number and name of space group: 63 (C m c m)
 next is symmetry 
>   symmetry	(13:16:32)  SPACE GROUP CONTAINS INVERSION
0.001u 0.001s 0:00.00 0.0%	0+0k 0+32io 0pf+0w
 next is lstart 
 1 Atoms found:  with labels Pr1  
generate atomic configuration for atom 1 : Pr1
  SELECT XCPOT:
  recommended: PBE    [(13) GGA of Perdew-Burke-Ernzerhof 96]
               LDA    [( 5)]
               WC     [(11)  GGA of Wu-Cohen 2006]
               PBESOL [(19) GGA of Perdew etal. 2008]
  SELECT ENERGY to separate core and valence states:
  recommended: -6.0 Ry (check how much core charge leaks out of MT-sphere)
  ALTERNATIVELY: specify charge localization
  (between 0.97 and 1.0) to select core state

Atomic configuration for atom: Pr1   Z=  59.00
          E-up(Ry)      E-dn(Ry)   Occupancy   q/sphere  core-state
  1S   -3068.055446  -3068.055485  1.00  1.00    1.0000  T
  2S    -493.822655   -493.819390  1.00  1.00    1.0000  T
  2P*   -466.919788   -466.917603  1.00  1.00    1.0000  T
  2P    -431.523178   -431.520585  2.00  2.00    1.0000  T
  3S    -106.939719   -106.895496  1.00  1.00    1.0000  T
  3P*    -95.475455    -95.434740  1.00  1.00    1.0000  T
  3P     -88.470282    -88.424910  2.00  2.00    1.0000  T
  3D*    -68.391526    -68.356854  2.00  2.00    1.0000  T
  3D     -66.880676    -66.844792  3.00  3.00    1.0000  T
  4S     -21.655261    -21.541183  1.00  1.00    1.0000  T
  4P*    -17.361942    -17.247810  1.00  1.00    1.0000  T
  4P     -15.834490    -15.720255  2.00  2.00    1.0000  T
  4D*     -8.766986     -8.653007  2.00  2.00    0.9999  T
  4D      -8.497493     -8.383588  3.00  3.00    0.9998  T
  5S      -3.133362     -3.047345  1.00  1.00    0.9377  F
  5P*     -1.949743     -1.870655  1.00  1.00    0.8663  F
  5P      -1.725098     -1.649138  2.00  2.00    0.8288  F
  4F*     -0.522249     -0.416202  2.00  0.00    0.9616  F
  4F      -0.493311     -0.387589  0.00  0.00    0.0000  F
  5D*     -0.257537     -0.207275  1.00  0.00    0.3926  F
  6S      -0.300172     -0.273162  1.00  1.00    0.0602  F
>   inputfiles prepared	(13:16:32)  
 inputfiles prepared 
 next is kgen 
  NUMBER OF K-POINTS IN WHOLE CELL: (0 allows to specify 3 divisions of G)
 length of reciprocal lattice vectors:   1.391   1.391   0.712  16.965  16.965   8.686
  Shift of k-mesh allowed. Do you want to shift: (0=no, 1=shift)
         288  k-points generated, ndiv=          16          16           8
 next is dstart 
>   dstart  -p > & .mist	(13:16:33) running dstart in single mode
 C  T F
DSTART ENDS
0.439u 0.016s 0:00.45 97.7%	0+0k 0+760io 0pf+0w

-----> new case.in0 generated
  init_lapw finished ok  
 next is setrmt 
 next is nn 
 specify nn-bondlength factor: (usually=2) [and optionally dlimit, dstmax (about
  1.d-5, 20)]
 DSTMAX:   22.0000004768372     
 iix,iiy,iiz           5           5           5   25.7552000000000     
   52.2637950000000        45.1204200000000     
 NAMED ATOM: Pr1       Z changed to IATNR+999 to determine equivalency

    ATOM  1  Pr1        ATOM  1  Pr1       
 RMT(  1)=2.30000 AND RMT(  1)=2.30000
 SUMS TO 4.60000  LT.  NN-DIST= 4.99502
0.001u 0.001s 0:00.00 0.0%	0+0k 0+48io 0pf+0w
 next is sgroup 
>   sgroup	(13:16:33) 0.000u 0.001s 0:00.00 0.0%	0+0k 0+8io 0pf+0w
  Names of point group: mm2    mm2    C2v
Number and name of space group: 63 (C m c m)
 next is symmetry 
>   symmetry	(13:16:33)  SPACE GROUP CONTAINS INVERSION
0.001u 0.001s 0:00.00 0.0%	0+0k 0+32io 0pf+0w
 next is lstart 
 1 Atoms found:  with labels Pr1  
generate atomic configuration for atom 1 : Pr1
  SELECT XCPOT:
  recommended: PBE    [(13) GGA of Perdew-Burke-Ernzerhof 96]
               LDA    [( 5)]
               WC     [(11)  GGA of Wu-Cohen 2006]
               PBESOL [(19) GGA of Perdew etal. 2008]
  SELECT ENERGY to separate core and valence states:
  recommended: -6.0 Ry (check how much core charge leaks out of MT-sphere)
  ALTERNATIVELY: specify charge localization
  (between 0.97 and 1.0) to select core state

Atomic configuration for atom: Pr1   Z=  59.00
          E-up(Ry)      E-dn(Ry)   Occupancy   q/sphere  core-state
  1S   -3068.055446  -3068.055485  1.00  1.00    1.0000  T
  2S    -493.822655   -493.819390  1.00  1.00    1.0000  T
  2P*   -466.919788   -466.917603  1.00  1.00    1.0000  T
  2P    -431.523178   -431.520585  2.00  2.00    1.0000  T
  3S    -106.939719   -106.895496  1.00  1.00    1.0000  T
  3P*    -95.475455    -95.434740  1.00  1.00    1.0000  T
  3P     -88.470282    -88.424910  2.00  2.00    1.0000  T
  3D*    -68.391526    -68.356854  2.00  2.00    1.0000  T
  3D     -66.880676    -66.844792  3.00  3.00    1.0000  T
  4S     -21.655261    -21.541183  1.00  1.00    1.0000  T
  4P*    -17.361942    -17.247810  1.00  1.00    1.0000  T
  4P     -15.834490    -15.720255  2.00  2.00    1.0000  T
  4D*     -8.766986     -8.653007  2.00  2.00    0.9999  T
  4D      -8.497493     -8.383588  3.00  3.00    0.9998  T
  5S      -3.133362     -3.047345  1.00  1.00    0.9377  F
  5P*     -1.949743     -1.870655  1.00  1.00    0.8663  F
  5P      -1.725098     -1.649138  2.00  2.00    0.8288  F
  4F*     -0.522249     -0.416202  2.00  0.00    0.9616  F
  4F      -0.493311     -0.387589  0.00  0.00    0.0000  F
  5D*     -0.257537     -0.207275  1.00  0.00    0.3926  F
  6S      -0.300172     -0.273162  1.00  1.00    0.0602  F
>   inputfiles prepared	(13:16:33)  
 inputfiles prepared 
 next is kgen 
  NUMBER OF K-POINTS IN WHOLE CELL: (0 allows to specify 3 divisions of G)
 length of reciprocal lattice vectors:   1.360   1.360   0.696  16.965  16.965   8.686
  Shift of k-mesh allowed. Do you want to shift: (0=no, 1=shift)
         288  k-points generated, ndiv=          16          16           8
 next is dstart 
>   dstart  -p > & .mist	(13:16:33) running dstart in single mode
 C  T F
DSTART ENDS
0.407u 0.011s 0:00.41 100.0%	0+0k 0+776io 0pf+0w

-----> new case.in0 generated
  init_lapw finished ok  
 next is setrmt 
 next is nn 
 specify nn-bondlength factor: (usually=2) [and optionally dlimit, dstmax (about
  1.d-5, 20)]
 DSTMAX:   22.0000004768372     
 iix,iiy,iiz           5           5           5   26.3152700000000     
   53.4003200000000        46.1016050000000     
 NAMED ATOM: Pr1       Z changed to IATNR+999 to determine equivalency

    ATOM  1  Pr1        ATOM  1  Pr1       
 RMT(  1)=2.30000 AND RMT(  1)=2.30000
 SUMS TO 4.60000  LT.  NN-DIST= 5.10364
0.000u 0.002s 0:00.00 0.0%	0+0k 0+48io 0pf+0w
 next is sgroup 
>   sgroup	(13:16:34) 0.000u 0.001s 0:00.00 0.0%	0+0k 0+8io 0pf+0w
  Names of point group: mm2    mm2    C2v
Number and name of space group: 63 (C m c m)
 next is symmetry 
>   symmetry	(13:16:34)  SPACE GROUP CONTAINS INVERSION
0.001u 0.001s 0:00.00 0.0%	0+0k 0+32io 0pf+0w
 next is lstart 
 1 Atoms found:  with labels Pr1  
generate atomic configuration for atom 1 : Pr1
  SELECT XCPOT:
  recommended: PBE    [(13) GGA of Perdew-Burke-Ernzerhof 96]
               LDA    [( 5)]
               WC     [(11)  GGA of Wu-Cohen 2006]
               PBESOL [(19) GGA of Perdew etal. 2008]
  SELECT ENERGY to separate core and valence states:
  recommended: -6.0 Ry (check how much core charge leaks out of MT-sphere)
  ALTERNATIVELY: specify charge localization
  (between 0.97 and 1.0) to select core state

Atomic configuration for atom: Pr1   Z=  59.00
          E-up(Ry)      E-dn(Ry)   Occupancy   q/sphere  core-state
  1S   -3068.055446  -3068.055485  1.00  1.00    1.0000  T
  2S    -493.822655   -493.819390  1.00  1.00    1.0000  T
  2P*   -466.919788   -466.917603  1.00  1.00    1.0000  T
  2P    -431.523178   -431.520585  2.00  2.00    1.0000  T
  3S    -106.939719   -106.895496  1.00  1.00    1.0000  T
  3P*    -95.475455    -95.434740  1.00  1.00    1.0000  T
  3P     -88.470282    -88.424910  2.00  2.00    1.0000  T
  3D*    -68.391526    -68.356854  2.00  2.00    1.0000  T
  3D     -66.880676    -66.844792  3.00  3.00    1.0000  T
  4S     -21.655261    -21.541183  1.00  1.00    1.0000  T
  4P*    -17.361942    -17.247810  1.00  1.00    1.0000  T
  4P     -15.834490    -15.720255  2.00  2.00    1.0000  T
  4D*     -8.766986     -8.653007  2.00  2.00    0.9999  T
  4D      -8.497493     -8.383588  3.00  3.00    0.9998  T
  5S      -3.133362     -3.047345  1.00  1.00    0.9377  F
  5P*     -1.949743     -1.870655  1.00  1.00    0.8663  F
  5P      -1.725098     -1.649138  2.00  2.00    0.8288  F
  4F*     -0.522249     -0.416202  2.00  0.00    0.9616  F
  4F      -0.493311     -0.387589  0.00  0.00    0.0000  F
  5D*     -0.257537     -0.207275  1.00  0.00    0.3926  F
  6S      -0.300172     -0.273162  1.00  1.00    0.0602  F
>   inputfiles prepared	(13:16:34)  
 inputfiles prepared 
 next is kgen 
  NUMBER OF K-POINTS IN WHOLE CELL: (0 allows to specify 3 divisions of G)
 length of reciprocal lattice vectors:   1.331   1.331   0.681  16.965  16.965   8.686
  Shift of k-mesh allowed. Do you want to shift: (0=no, 1=shift)
         288  k-points generated, ndiv=          16          16           8
 next is dstart 
>   dstart  -p > & .mist	(13:16:34) running dstart in single mode
 C  T F
DSTART ENDS
0.392u 0.018s 0:00.41 97.5%	0+0k 0+792io 0pf+0w

-----> new case.in0 generated
  init_lapw finished ok  
 next is setrmt 
 next is nn 
 specify nn-bondlength factor: (usually=2) [and optionally dlimit, dstmax (about
  1.d-5, 20)]
 DSTMAX:   22.0000004768372     
 iix,iiy,iiz           5           5           5   26.8524650000000     
   54.4904200000000        47.0427150000000     
 NAMED ATOM: Pr1       Z changed to IATNR+999 to determine equivalency

    ATOM  1  Pr1        ATOM  1  Pr1       
 RMT(  1)=2.30000 AND RMT(  1)=2.30000
 SUMS TO 4.60000  LT.  NN-DIST= 5.20782
0.001u 0.001s 0:00.00 0.0%	0+0k 0+48io 0pf+0w
 next is sgroup 
>   sgroup	(13:16:35) 0.000u 0.001s 0:00.00 0.0%	0+0k 0+8io 0pf+0w
  Names of point group: mm2    mm2    C2v
Number and name of space group: 63 (C m c m)
 next is symmetry 
>   symmetry	(13:16:35)  SPACE GROUP CONTAINS INVERSION
0.002u 0.000s 0:00.00 0.0%	0+0k 0+32io 0pf+0w
 next is lstart 
 1 Atoms found:  with labels Pr1  
generate atomic configuration for atom 1 : Pr1
  SELECT XCPOT:
  recommended: PBE    [(13) GGA of Perdew-Burke-Ernzerhof 96]
               LDA    [( 5)]
               WC     [(11)  GGA of Wu-Cohen 2006]
               PBESOL [(19) GGA of Perdew etal. 2008]
  SELECT ENERGY to separate core and valence states:
  recommended: -6.0 Ry (check how much core charge leaks out of MT-sphere)
  ALTERNATIVELY: specify charge localization
  (between 0.97 and 1.0) to select core state

Atomic configuration for atom: Pr1   Z=  59.00
          E-up(Ry)      E-dn(Ry)   Occupancy   q/sphere  core-state
  1S   -3068.055446  -3068.055485  1.00  1.00    1.0000  T
  2S    -493.822655   -493.819390  1.00  1.00    1.0000  T
  2P*   -466.919788   -466.917603  1.00  1.00    1.0000  T
  2P    -431.523178   -431.520585  2.00  2.00    1.0000  T
  3S    -106.939719   -106.895496  1.00  1.00    1.0000  T
  3P*    -95.475455    -95.434740  1.00  1.00    1.0000  T
  3P     -88.470282    -88.424910  2.00  2.00    1.0000  T
  3D*    -68.391526    -68.356854  2.00  2.00    1.0000  T
  3D     -66.880676    -66.844792  3.00  3.00    1.0000  T
  4S     -21.655261    -21.541183  1.00  1.00    1.0000  T
  4P*    -17.361942    -17.247810  1.00  1.00    1.0000  T
  4P     -15.834490    -15.720255  2.00  2.00    1.0000  T
  4D*     -8.766986     -8.653007  2.00  2.00    0.9999  T
  4D      -8.497493     -8.383588  3.00  3.00    0.9998  T
  5S      -3.133362     -3.047345  1.00  1.00    0.9377  F
  5P*     -1.949743     -1.870655  1.00  1.00    0.8663  F
  5P      -1.725098     -1.649138  2.00  2.00    0.8288  F
  4F*     -0.522249     -0.416202  2.00  0.00    0.9616  F
  4F      -0.493311     -0.387589  0.00  0.00    0.0000  F
  5D*     -0.257537     -0.207275  1.00  0.00    0.3926  F
  6S      -0.300172     -0.273162  1.00  1.00    0.0602  F
>   inputfiles prepared	(13:16:35)  
 inputfiles prepared 
 next is kgen 
  NUMBER OF K-POINTS IN WHOLE CELL: (0 allows to specify 3 divisions of G)
 length of reciprocal lattice vectors:   1.304   1.304   0.668  16.965  16.965   8.686
  Shift of k-mesh allowed. Do you want to shift: (0=no, 1=shift)
         288  k-points generated, ndiv=          16          16           8
 next is dstart 
>   dstart  -p > & .mist	(13:16:35) running dstart in single mode
 C  T F
DSTART ENDS
0.385u 0.013s 0:00.39 100.0%	0+0k 0+808io 0pf+0w

-----> new case.in0 generated
  init_lapw finished ok  
 next is setrmt 
 next is nn 
 specify nn-bondlength factor: (usually=2) [and optionally dlimit, dstmax (about
  1.d-5, 20)]
 DSTMAX:   22.0000004768372     
 iix,iiy,iiz           5           5           5   27.3689850000000     
   55.5385700000000        47.9476050000000     
 NAMED ATOM: Pr1       Z changed to IATNR+999 to determine equivalency

    ATOM  1  Pr1        ATOM  1  Pr1       
 RMT(  1)=2.30000 AND RMT(  1)=2.30000
 SUMS TO 4.60000  LT.  NN-DIST= 5.30800
0.000u 0.003s 0:00.00 0.0%	0+0k 0+40io 0pf+0w
 next is sgroup 
>   sgroup	(13:16:36) 0.000u 0.001s 0:00.00 0.0%	0+0k 0+8io 0pf+0w
  Names of point group: mm2    mm2    C2v
Number and name of space group: 63 (C m c m)
 next is symmetry 
>   symmetry	(13:16:36)  SPACE GROUP CONTAINS INVERSION
0.001u 0.002s 0:00.00 0.0%	0+0k 0+32io 0pf+0w
 next is lstart 
 1 Atoms found:  with labels Pr1  
generate atomic configuration for atom 1 : Pr1
  SELECT XCPOT:
  recommended: PBE    [(13) GGA of Perdew-Burke-Ernzerhof 96]
               LDA    [( 5)]
               WC     [(11)  GGA of Wu-Cohen 2006]
               PBESOL [(19) GGA of Perdew etal. 2008]
  SELECT ENERGY to separate core and valence states:
  recommended: -6.0 Ry (check how much core charge leaks out of MT-sphere)
  ALTERNATIVELY: specify charge localization
  (between 0.97 and 1.0) to select core state

Atomic configuration for atom: Pr1   Z=  59.00
          E-up(Ry)      E-dn(Ry)   Occupancy   q/sphere  core-state
  1S   -3068.055446  -3068.055485  1.00  1.00    1.0000  T
  2S    -493.822655   -493.819390  1.00  1.00    1.0000  T
  2P*   -466.919788   -466.917603  1.00  1.00    1.0000  T
  2P    -431.523178   -431.520585  2.00  2.00    1.0000  T
  3S    -106.939719   -106.895496  1.00  1.00    1.0000  T
  3P*    -95.475455    -95.434740  1.00  1.00    1.0000  T
  3P     -88.470282    -88.424910  2.00  2.00    1.0000  T
  3D*    -68.391526    -68.356854  2.00  2.00    1.0000  T
  3D     -66.880676    -66.844792  3.00  3.00    1.0000  T
  4S     -21.655261    -21.541183  1.00  1.00    1.0000  T
  4P*    -17.361942    -17.247810  1.00  1.00    1.0000  T
  4P     -15.834490    -15.720255  2.00  2.00    1.0000  T
  4D*     -8.766986     -8.653007  2.00  2.00    0.9999  T
  4D      -8.497493     -8.383588  3.00  3.00    0.9998  T
  5S      -3.133362     -3.047345  1.00  1.00    0.9377  F
  5P*     -1.949743     -1.870655  1.00  1.00    0.8663  F
  5P      -1.725098     -1.649138  2.00  2.00    0.8288  F
  4F*     -0.522249     -0.416202  2.00  0.00    0.9616  F
  4F      -0.493311     -0.387589  0.00  0.00    0.0000  F
  5D*     -0.257537     -0.207275  1.00  0.00    0.3926  F
  6S      -0.300172     -0.273162  1.00  1.00    0.0602  F
>   inputfiles prepared	(13:16:36)  
 inputfiles prepared 
 next is kgen 
  NUMBER OF K-POINTS IN WHOLE CELL: (0 allows to specify 3 divisions of G)
 length of reciprocal lattice vectors:   1.280   1.280   0.655  16.965  16.965   8.686
  Shift of k-mesh allowed. Do you want to shift: (0=no, 1=shift)
         288  k-points generated, ndiv=          16          16           8
 next is dstart 
>   dstart  -p > & .mist	(13:16:36) running dstart in single mode
 C  T F
DSTART ENDS
0.384u 0.019s 0:00.40 97.5%	0+0k 8+824io 0pf+0w

-----> new case.in0 generated
  init_lapw finished ok  
 next is setrmt 
 next is nn 
 specify nn-bondlength factor: (usually=2) [and optionally dlimit, dstmax (about
  1.d-5, 20)]
 DSTMAX:   22.0000004768372     
 iix,iiy,iiz           5           5           5   27.8667100000000     
   56.5485850000000        48.8195700000000     
 NAMED ATOM: Pr1       Z changed to IATNR+999 to determine equivalency

    ATOM  1  Pr1        ATOM  1  Pr1       
 RMT(  1)=2.30000 AND RMT(  1)=2.30000
 SUMS TO 4.60000  LT.  NN-DIST= 5.40453
0.000u 0.003s 0:00.00 0.0%	0+0k 0+40io 0pf+0w
 next is sgroup 
>   sgroup	(13:16:37) 0.001u 0.000s 0:00.00 0.0%	0+0k 0+8io 0pf+0w
  Names of point group: mm2    mm2    C2v
Number and name of space group: 63 (C m c m)
 next is symmetry 
>   symmetry	(13:16:37)  SPACE GROUP CONTAINS INVERSION
0.001u 0.001s 0:00.00 0.0%	0+0k 0+32io 0pf+0w
 next is lstart 
 1 Atoms found:  with labels Pr1  
generate atomic configuration for atom 1 : Pr1
  SELECT XCPOT:
  recommended: PBE    [(13) GGA of Perdew-Burke-Ernzerhof 96]
               LDA    [( 5)]
               WC     [(11)  GGA of Wu-Cohen 2006]
               PBESOL [(19) GGA of Perdew etal. 2008]
  SELECT ENERGY to separate core and valence states:
  recommended: -6.0 Ry (check how much core charge leaks out of MT-sphere)
  ALTERNATIVELY: specify charge localization
  (between 0.97 and 1.0) to select core state

Atomic configuration for atom: Pr1   Z=  59.00
          E-up(Ry)      E-dn(Ry)   Occupancy   q/sphere  core-state
  1S   -3068.055446  -3068.055485  1.00  1.00    1.0000  T
  2S    -493.822655   -493.819390  1.00  1.00    1.0000  T
  2P*   -466.919788   -466.917603  1.00  1.00    1.0000  T
  2P    -431.523178   -431.520585  2.00  2.00    1.0000  T
  3S    -106.939719   -106.895496  1.00  1.00    1.0000  T
  3P*    -95.475455    -95.434740  1.00  1.00    1.0000  T
  3P     -88.470282    -88.424910  2.00  2.00    1.0000  T
  3D*    -68.391526    -68.356854  2.00  2.00    1.0000  T
  3D     -66.880676    -66.844792  3.00  3.00    1.0000  T
  4S     -21.655261    -21.541183  1.00  1.00    1.0000  T
  4P*    -17.361942    -17.247810  1.00  1.00    1.0000  T
  4P     -15.834490    -15.720255  2.00  2.00    1.0000  T
  4D*     -8.766986     -8.653007  2.00  2.00    0.9999  T
  4D      -8.497493     -8.383588  3.00  3.00    0.9998  T
  5S      -3.133362     -3.047345  1.00  1.00    0.9377  F
  5P*     -1.949743     -1.870655  1.00  1.00    0.8663  F
  5P      -1.725098     -1.649138  2.00  2.00    0.8288  F
  4F*     -0.522249     -0.416202  2.00  0.00    0.9616  F
  4F      -0.493311     -0.387589  0.00  0.00    0.0000  F
  5D*     -0.257537     -0.207275  1.00  0.00    0.3926  F
  6S      -0.300172     -0.273162  1.00  1.00    0.0602  F
>   inputfiles prepared	(13:16:37)  
 inputfiles prepared 
 next is kgen 
  NUMBER OF K-POINTS IN WHOLE CELL: (0 allows to specify 3 divisions of G)
 length of reciprocal lattice vectors:   1.257   1.257   0.644  16.965  16.965   8.686
  Shift of k-mesh allowed. Do you want to shift: (0=no, 1=shift)
         288  k-points generated, ndiv=          16          16           8
 next is dstart 
>   dstart  -p > & .mist	(13:16:37) running dstart in single mode
 C  T F
DSTART ENDS
0.352u 0.022s 0:00.37 100.0%	0+0k 0+840io 0pf+0w

-----> new case.in0 generated
  init_lapw finished ok  
 next is setrmt 
 next is nn 
 specify nn-bondlength factor: (usually=2) [and optionally dlimit, dstmax (about
  1.d-5, 20)]
 DSTMAX:   22.0000004768372     
 iix,iiy,iiz           5           5           5   28.3472650000000     
   57.5237500000000        49.6614500000000     
 NAMED ATOM: Pr1       Z changed to IATNR+999 to determine equivalency

    ATOM  1  Pr1        ATOM  1  Pr1       
 RMT(  1)=2.30000 AND RMT(  1)=2.30000
 SUMS TO 4.60000  LT.  NN-DIST= 5.49773
0.002u 0.002s 0:00.00 0.0%	0+0k 0+40io 0pf+0w
 next is sgroup 
>   sgroup	(13:16:37) 0.000u 0.001s 0:00.00 0.0%	0+0k 0+8io 0pf+0w
  Names of point group: mm2    mm2    C2v
Number and name of space group: 63 (C m c m)
 next is symmetry 
>   symmetry	(13:16:38)  SPACE GROUP CONTAINS INVERSION
0.003u 0.001s 0:00.00 0.0%	0+0k 0+32io 0pf+0w
 next is lstart 
 1 Atoms found:  with labels Pr1  
generate atomic configuration for atom 1 : Pr1
  SELECT XCPOT:
  recommended: PBE    [(13) GGA of Perdew-Burke-Ernzerhof 96]
               LDA    [( 5)]
               WC     [(11)  GGA of Wu-Cohen 2006]
               PBESOL [(19) GGA of Perdew etal. 2008]
  SELECT ENERGY to separate core and valence states:
  recommended: -6.0 Ry (check how much core charge leaks out of MT-sphere)
  ALTERNATIVELY: specify charge localization
  (between 0.97 and 1.0) to select core state

Atomic configuration for atom: Pr1   Z=  59.00
          E-up(Ry)      E-dn(Ry)   Occupancy   q/sphere  core-state
  1S   -3068.055446  -3068.055485  1.00  1.00    1.0000  T
  2S    -493.822655   -493.819390  1.00  1.00    1.0000  T
  2P*   -466.919788   -466.917603  1.00  1.00    1.0000  T
  2P    -431.523178   -431.520585  2.00  2.00    1.0000  T
  3S    -106.939719   -106.895496  1.00  1.00    1.0000  T
  3P*    -95.475455    -95.434740  1.00  1.00    1.0000  T
  3P     -88.470282    -88.424910  2.00  2.00    1.0000  T
  3D*    -68.391526    -68.356854  2.00  2.00    1.0000  T
  3D     -66.880676    -66.844792  3.00  3.00    1.0000  T
  4S     -21.655261    -21.541183  1.00  1.00    1.0000  T
  4P*    -17.361942    -17.247810  1.00  1.00    1.0000  T
  4P     -15.834490    -15.720255  2.00  2.00    1.0000  T
  4D*     -8.766986     -8.653007  2.00  2.00    0.9999  T
  4D      -8.497493     -8.383588  3.00  3.00    0.9998  T
  5S      -3.133362     -3.047345  1.00  1.00    0.9377  F
  5P*     -1.949743     -1.870655  1.00  1.00    0.8663  F
  5P      -1.725098     -1.649138  2.00  2.00    0.8288  F
  4F*     -0.522249     -0.416202  2.00  0.00    0.9616  F
  4F      -0.493311     -0.387589  0.00  0.00    0.0000  F
  5D*     -0.257537     -0.207275  1.00  0.00    0.3926  F
  6S      -0.300172     -0.273162  1.00  1.00    0.0602  F
>   inputfiles prepared	(13:16:38)  
 inputfiles prepared 
 next is kgen 
  NUMBER OF K-POINTS IN WHOLE CELL: (0 allows to specify 3 divisions of G)
 length of reciprocal lattice vectors:   1.236   1.236   0.633  16.965  16.965   8.686
  Shift of k-mesh allowed. Do you want to shift: (0=no, 1=shift)
         288  k-points generated, ndiv=          16          16           8
 next is dstart 
>   dstart  -p > & .mist	(13:16:38) running dstart in single mode
 C  T F
DSTART ENDS
0.342u 0.012s 0:00.35 100.0%	0+0k 0+856io 0pf+0w

-----> new case.in0 generated
  init_lapw finished ok  
 next is setrmt 
 next is nn 
 specify nn-bondlength factor: (usually=2) [and optionally dlimit, dstmax (about
  1.d-5, 20)]
 DSTMAX:   22.0000004768372     
 iix,iiy,iiz           5           5           5   28.8120550000000     
   58.4669300000000        50.4757150000000     
 NAMED ATOM: Pr1       Z changed to IATNR+999 to determine equivalency

    ATOM  1  Pr1        ATOM  1  Pr1       
 RMT(  1)=2.30000 AND RMT(  1)=2.30000
 SUMS TO 4.60000  LT.  NN-DIST= 5.58787
0.001u 0.002s 0:00.00 0.0%	0+0k 0+40io 0pf+0w
 next is sgroup 
>   sgroup	(13:16:38) 0.000u 0.000s 0:00.00 0.0%	0+0k 0+8io 0pf+0w
  Names of point group: mm2    mm2    C2v
Number and name of space group: 63 (C m c m)
 next is symmetry 
>   symmetry	(13:16:38)  SPACE GROUP CONTAINS INVERSION
0.000u 0.002s 0:00.00 0.0%	0+0k 0+32io 0pf+0w
 next is lstart 
 1 Atoms found:  with labels Pr1  
generate atomic configuration for atom 1 : Pr1
  SELECT XCPOT:
  recommended: PBE    [(13) GGA of Perdew-Burke-Ernzerhof 96]
               LDA    [( 5)]
               WC     [(11)  GGA of Wu-Cohen 2006]
               PBESOL [(19) GGA of Perdew etal. 2008]
  SELECT ENERGY to separate core and valence states:
  recommended: -6.0 Ry (check how much core charge leaks out of MT-sphere)
  ALTERNATIVELY: specify charge localization
  (between 0.97 and 1.0) to select core state

Atomic configuration for atom: Pr1   Z=  59.00
          E-up(Ry)      E-dn(Ry)   Occupancy   q/sphere  core-state
  1S   -3068.055446  -3068.055485  1.00  1.00    1.0000  T
  2S    -493.822655   -493.819390  1.00  1.00    1.0000  T
  2P*   -466.919788   -466.917603  1.00  1.00    1.0000  T
  2P    -431.523178   -431.520585  2.00  2.00    1.0000  T
  3S    -106.939719   -106.895496  1.00  1.00    1.0000  T
  3P*    -95.475455    -95.434740  1.00  1.00    1.0000  T
  3P     -88.470282    -88.424910  2.00  2.00    1.0000  T
  3D*    -68.391526    -68.356854  2.00  2.00    1.0000  T
  3D     -66.880676    -66.844792  3.00  3.00    1.0000  T
  4S     -21.655261    -21.541183  1.00  1.00    1.0000  T
  4P*    -17.361942    -17.247810  1.00  1.00    1.0000  T
  4P     -15.834490    -15.720255  2.00  2.00    1.0000  T
  4D*     -8.766986     -8.653007  2.00  2.00    0.9999  T
  4D      -8.497493     -8.383588  3.00  3.00    0.9998  T
  5S      -3.133362     -3.047345  1.00  1.00    0.9377  F
  5P*     -1.949743     -1.870655  1.00  1.00    0.8663  F
  5P      -1.725098     -1.649138  2.00  2.00    0.8288  F
  4F*     -0.522249     -0.416202  2.00  0.00    0.9616  F
  4F      -0.493311     -0.387589  0.00  0.00    0.0000  F
  5D*     -0.257537     -0.207275  1.00  0.00    0.3926  F
  6S      -0.300172     -0.273162  1.00  1.00    0.0602  F
>   inputfiles prepared	(13:16:39)  
 inputfiles prepared 
 next is kgen 
  NUMBER OF K-POINTS IN WHOLE CELL: (0 allows to specify 3 divisions of G)
 length of reciprocal lattice vectors:   1.216   1.216   0.622  16.965  16.965   8.686
  Shift of k-mesh allowed. Do you want to shift: (0=no, 1=shift)
         288  k-points generated, ndiv=          16          16           8
 next is dstart 
>   dstart  -p > & .mist	(13:16:39) running dstart in single mode
 C  T F
DSTART ENDS
0.336u 0.011s 0:00.34 100.0%	0+0k 0+872io 0pf+0w

-----> new case.in0 generated
  init_lapw finished ok  
 next is setrmt 
 next is nn 
 specify nn-bondlength factor: (usually=2) [and optionally dlimit, dstmax (about
  1.d-5, 20)]
 DSTMAX:   22.0000004768372     
 iix,iiy,iiz           5           5           5   29.2623200000000     
   59.3806250000000        51.2645250000000     
 NAMED ATOM: Pr1       Z changed to IATNR+999 to determine equivalency

    ATOM  1  Pr1        ATOM  1  Pr1       
 RMT(  1)=2.30000 AND RMT(  1)=2.30000
 SUMS TO 4.60000  LT.  NN-DIST= 5.67519
0.001u 0.001s 0:00.00 0.0%	0+0k 0+40io 0pf+0w
 next is sgroup 
>   sgroup	(13:16:39) 0.001u 0.000s 0:00.00 0.0%	0+0k 0+8io 0pf+0w
  Names of point group: mm2    mm2    C2v
Number and name of space group: 63 (C m c m)
 next is symmetry 
>   symmetry	(13:16:39)  SPACE GROUP CONTAINS INVERSION
0.002u 0.001s 0:00.00 0.0%	0+0k 0+32io 0pf+0w
 next is lstart 
 1 Atoms found:  with labels Pr1  
generate atomic configuration for atom 1 : Pr1
  SELECT XCPOT:
  recommended: PBE    [(13) GGA of Perdew-Burke-Ernzerhof 96]
               LDA    [( 5)]
               WC     [(11)  GGA of Wu-Cohen 2006]
               PBESOL [(19) GGA of Perdew etal. 2008]
  SELECT ENERGY to separate core and valence states:
  recommended: -6.0 Ry (check how much core charge leaks out of MT-sphere)
  ALTERNATIVELY: specify charge localization
  (between 0.97 and 1.0) to select core state

Atomic configuration for atom: Pr1   Z=  59.00
          E-up(Ry)      E-dn(Ry)   Occupancy   q/sphere  core-state
  1S   -3068.055446  -3068.055485  1.00  1.00    1.0000  T
  2S    -493.822655   -493.819390  1.00  1.00    1.0000  T
  2P*   -466.919788   -466.917603  1.00  1.00    1.0000  T
  2P    -431.523178   -431.520585  2.00  2.00    1.0000  T
  3S    -106.939719   -106.895496  1.00  1.00    1.0000  T
  3P*    -95.475455    -95.434740  1.00  1.00    1.0000  T
  3P     -88.470282    -88.424910  2.00  2.00    1.0000  T
  3D*    -68.391526    -68.356854  2.00  2.00    1.0000  T
  3D     -66.880676    -66.844792  3.00  3.00    1.0000  T
  4S     -21.655261    -21.541183  1.00  1.00    1.0000  T
  4P*    -17.361942    -17.247810  1.00  1.00    1.0000  T
  4P     -15.834490    -15.720255  2.00  2.00    1.0000  T
  4D*     -8.766986     -8.653007  2.00  2.00    0.9999  T
  4D      -8.497493     -8.383588  3.00  3.00    0.9998  T
  5S      -3.133362     -3.047345  1.00  1.00    0.9377  F
  5P*     -1.949743     -1.870655  1.00  1.00    0.8663  F
  5P      -1.725098     -1.649138  2.00  2.00    0.8288  F
  4F*     -0.522249     -0.416202  2.00  0.00    0.9616  F
  4F      -0.493311     -0.387589  0.00  0.00    0.0000  F
  5D*     -0.257537     -0.207275  1.00  0.00    0.3926  F
  6S      -0.300172     -0.273162  1.00  1.00    0.0602  F
>   inputfiles prepared	(13:16:39)  
 inputfiles prepared 
 next is kgen 
  NUMBER OF K-POINTS IN WHOLE CELL: (0 allows to specify 3 divisions of G)
 length of reciprocal lattice vectors:   1.197   1.197   0.613  16.965  16.965   8.686
  Shift of k-mesh allowed. Do you want to shift: (0=no, 1=shift)
         288  k-points generated, ndiv=          16          16           8
 next is dstart 
>   dstart  -p > & .mist	(13:16:39) running dstart in single mode
 C  T F
DSTART ENDS
0.299u 0.017s 0:00.31 96.7%	0+0k 0+880io 0pf+0w

-----> new case.in0 generated
  init_lapw finished ok  
 next is setrmt 
 next is nn 
 specify nn-bondlength factor: (usually=2) [and optionally dlimit, dstmax (about
  1.d-5, 20)]
 DSTMAX:   22.0000004768372     
 iix,iiy,iiz           5           5           5   29.6991350000000     
   60.2670300000000        52.0297800000000     
 NAMED ATOM: Pr1       Z changed to IATNR+999 to determine equivalency

    ATOM  1  Pr1        ATOM  1  Pr1       
 RMT(  1)=2.30000 AND RMT(  1)=2.30000
 SUMS TO 4.60000  LT.  NN-DIST= 5.75991
0.002u 0.001s 0:00.00 0.0%	0+0k 0+40io 0pf+0w
 next is sgroup 
>   sgroup	(13:16:40) 0.001u 0.000s 0:00.00 0.0%	0+0k 0+8io 0pf+0w
  Names of point group: mm2    mm2    C2v
Number and name of space group: 63 (C m c m)
 next is symmetry 
>   symmetry	(13:16:40)  SPACE GROUP CONTAINS INVERSION
0.000u 0.002s 0:00.00 0.0%	0+0k 0+40io 0pf+0w
 next is lstart 
 1 Atoms found:  with labels Pr1  
generate atomic configuration for atom 1 : Pr1
  SELECT XCPOT:
  recommended: PBE    [(13) GGA of Perdew-Burke-Ernzerhof 96]
               LDA    [( 5)]
               WC     [(11)  GGA of Wu-Cohen 2006]
               PBESOL [(19) GGA of Perdew etal. 2008]
  SELECT ENERGY to separate core and valence states:
  recommended: -6.0 Ry (check how much core charge leaks out of MT-sphere)
  ALTERNATIVELY: specify charge localization
  (between 0.97 and 1.0) to select core state

Atomic configuration for atom: Pr1   Z=  59.00
          E-up(Ry)      E-dn(Ry)   Occupancy   q/sphere  core-state
  1S   -3068.055446  -3068.055485  1.00  1.00    1.0000  T
  2S    -493.822655   -493.819390  1.00  1.00    1.0000  T
  2P*   -466.919788   -466.917603  1.00  1.00    1.0000  T
  2P    -431.523178   -431.520585  2.00  2.00    1.0000  T
  3S    -106.939719   -106.895496  1.00  1.00    1.0000  T
  3P*    -95.475455    -95.434740  1.00  1.00    1.0000  T
  3P     -88.470282    -88.424910  2.00  2.00    1.0000  T
  3D*    -68.391526    -68.356854  2.00  2.00    1.0000  T
  3D     -66.880676    -66.844792  3.00  3.00    1.0000  T
  4S     -21.655261    -21.541183  1.00  1.00    1.0000  T
  4P*    -17.361942    -17.247810  1.00  1.00    1.0000  T
  4P     -15.834490    -15.720255  2.00  2.00    1.0000  T
  4D*     -8.766986     -8.653007  2.00  2.00    0.9999  T
  4D      -8.497493     -8.383588  3.00  3.00    0.9998  T
  5S      -3.133362     -3.047345  1.00  1.00    0.9377  F
  5P*     -1.949743     -1.870655  1.00  1.00    0.8663  F
  5P      -1.725098     -1.649138  2.00  2.00    0.8288  F
  4F*     -0.522249     -0.416202  2.00  0.00    0.9616  F
  4F      -0.493311     -0.387589  0.00  0.00    0.0000  F
  5D*     -0.257537     -0.207275  1.00  0.00    0.3926  F
  6S      -0.300172     -0.273162  1.00  1.00    0.0602  F
>   inputfiles prepared	(13:16:40)  
 inputfiles prepared 
 next is kgen 
  NUMBER OF K-POINTS IN WHOLE CELL: (0 allows to specify 3 divisions of G)
 length of reciprocal lattice vectors:   1.179   1.179   0.604  16.965  16.965   8.686
  Shift of k-mesh allowed. Do you want to shift: (0=no, 1=shift)
         288  k-points generated, ndiv=          16          16           8
 next is dstart 
>   dstart  -p > & .mist	(13:16:40) running dstart in single mode
 C  T F
DSTART ENDS
0.286u 0.013s 0:00.29 100.0%	0+0k 0+896io 0pf+0w

-----> new case.in0 generated
  init_lapw finished ok  
 next is setrmt 
 next is nn 
 specify nn-bondlength factor: (usually=2) [and optionally dlimit, dstmax (about
  1.d-5, 20)]
 DSTMAX:   22.0000004768372     
 iix,iiy,iiz           5           5           5   30.1234650000000     
   61.1281050000000        52.7731650000000     
 NAMED ATOM: Pr1       Z changed to IATNR+999 to determine equivalency

    ATOM  1  Pr1        ATOM  1  Pr1       
 RMT(  1)=2.30000 AND RMT(  1)=2.30000
 SUMS TO 4.60000  LT.  NN-DIST= 5.84221
0.002u 0.000s 0:00.00 0.0%	0+0k 0+40io 0pf+0w
 next is sgroup 
>   sgroup	(13:16:41) 0.000u 0.001s 0:00.00 0.0%	0+0k 0+8io 0pf+0w
  Names of point group: mm2    mm2    C2v
Number and name of space group: 63 (C m c m)
 next is symmetry 
>   symmetry	(13:16:41)  SPACE GROUP CONTAINS INVERSION
0.001u 0.002s 0:00.00 0.0%	0+0k 0+32io 0pf+0w
 next is lstart 
 1 Atoms found:  with labels Pr1  
generate atomic configuration for atom 1 : Pr1
  SELECT XCPOT:
  recommended: PBE    [(13) GGA of Perdew-Burke-Ernzerhof 96]
               LDA    [( 5)]
               WC     [(11)  GGA of Wu-Cohen 2006]
               PBESOL [(19) GGA of Perdew etal. 2008]
  SELECT ENERGY to separate core and valence states:
  recommended: -6.0 Ry (check how much core charge leaks out of MT-sphere)
  ALTERNATIVELY: specify charge localization
  (between 0.97 and 1.0) to select core state

Atomic configuration for atom: Pr1   Z=  59.00
          E-up(Ry)      E-dn(Ry)   Occupancy   q/sphere  core-state
  1S   -3068.055446  -3068.055485  1.00  1.00    1.0000  T
  2S    -493.822655   -493.819390  1.00  1.00    1.0000  T
  2P*   -466.919788   -466.917603  1.00  1.00    1.0000  T
  2P    -431.523178   -431.520585  2.00  2.00    1.0000  T
  3S    -106.939719   -106.895496  1.00  1.00    1.0000  T
  3P*    -95.475455    -95.434740  1.00  1.00    1.0000  T
  3P     -88.470282    -88.424910  2.00  2.00    1.0000  T
  3D*    -68.391526    -68.356854  2.00  2.00    1.0000  T
  3D     -66.880676    -66.844792  3.00  3.00    1.0000  T
  4S     -21.655261    -21.541183  1.00  1.00    1.0000  T
  4P*    -17.361942    -17.247810  1.00  1.00    1.0000  T
  4P     -15.834490    -15.720255  2.00  2.00    1.0000  T
  4D*     -8.766986     -8.653007  2.00  2.00    0.9999  T
  4D      -8.497493     -8.383588  3.00  3.00    0.9998  T
  5S      -3.133362     -3.047345  1.00  1.00    0.9377  F
  5P*     -1.949743     -1.870655  1.00  1.00    0.8663  F
  5P      -1.725098     -1.649138  2.00  2.00    0.8288  F
  4F*     -0.522249     -0.416202  2.00  0.00    0.9616  F
  4F      -0.493311     -0.387589  0.00  0.00    0.0000  F
  5D*     -0.257537     -0.207275  1.00  0.00    0.3926  F
  6S      -0.300172     -0.273162  1.00  1.00    0.0602  F
>   inputfiles prepared	(13:16:41)  
 inputfiles prepared 
 next is kgen 
  NUMBER OF K-POINTS IN WHOLE CELL: (0 allows to specify 3 divisions of G)
 length of reciprocal lattice vectors:   1.163   1.163   0.595  16.965  16.965   8.686
  Shift of k-mesh allowed. Do you want to shift: (0=no, 1=shift)
         288  k-points generated, ndiv=          16          16           8
 next is dstart 
>   dstart  -p > & .mist	(13:16:41) running dstart in single mode
 C  T F
DSTART ENDS
0.268u 0.014s 0:00.28 96.4%	0+0k 0+904io 0pf+0w

-----> new case.in0 generated
  init_lapw finished ok  
 next is setrmt 
 next is nn 
 specify nn-bondlength factor: (usually=2) [and optionally dlimit, dstmax (about
  1.d-5, 20)]
 DSTMAX:   22.0000004768372     
 iix,iiy,iiz           5           5           5   30.5361650000000     
   61.9655800000000        53.4961750000000     
 NAMED ATOM: Pr1       Z changed to IATNR+999 to determine equivalency

    ATOM  1  Pr1        ATOM  1  Pr1       
 RMT(  1)=2.30000 AND RMT(  1)=2.30000
 SUMS TO 4.60000  LT.  NN-DIST= 5.92225
0.000u 0.003s 0:00.00 0.0%	0+0k 0+40io 0pf+0w
 next is sgroup 
>   sgroup	(13:16:41) 0.000u 0.000s 0:00.00 0.0%	0+0k 0+8io 0pf+0w
  Names of point group: mm2    mm2    C2v
Number and name of space group: 63 (C m c m)
 next is symmetry 
>   symmetry	(13:16:42)  SPACE GROUP CONTAINS INVERSION
0.000u 0.003s 0:00.00 0.0%	0+0k 0+32io 0pf+0w
 next is lstart 
 1 Atoms found:  with labels Pr1  
generate atomic configuration for atom 1 : Pr1
  SELECT XCPOT:
  recommended: PBE    [(13) GGA of Perdew-Burke-Ernzerhof 96]
               LDA    [( 5)]
               WC     [(11)  GGA of Wu-Cohen 2006]
               PBESOL [(19) GGA of Perdew etal. 2008]
  SELECT ENERGY to separate core and valence states:
  recommended: -6.0 Ry (check how much core charge leaks out of MT-sphere)
  ALTERNATIVELY: specify charge localization
  (between 0.97 and 1.0) to select core state

Atomic configuration for atom: Pr1   Z=  59.00
          E-up(Ry)      E-dn(Ry)   Occupancy   q/sphere  core-state
  1S   -3068.055446  -3068.055485  1.00  1.00    1.0000  T
  2S    -493.822655   -493.819390  1.00  1.00    1.0000  T
  2P*   -466.919788   -466.917603  1.00  1.00    1.0000  T
  2P    -431.523178   -431.520585  2.00  2.00    1.0000  T
  3S    -106.939719   -106.895496  1.00  1.00    1.0000  T
  3P*    -95.475455    -95.434740  1.00  1.00    1.0000  T
  3P     -88.470282    -88.424910  2.00  2.00    1.0000  T
  3D*    -68.391526    -68.356854  2.00  2.00    1.0000  T
  3D     -66.880676    -66.844792  3.00  3.00    1.0000  T
  4S     -21.655261    -21.541183  1.00  1.00    1.0000  T
  4P*    -17.361942    -17.247810  1.00  1.00    1.0000  T
  4P     -15.834490    -15.720255  2.00  2.00    1.0000  T
  4D*     -8.766986     -8.653007  2.00  2.00    0.9999  T
  4D      -8.497493     -8.383588  3.00  3.00    0.9998  T
  5S      -3.133362     -3.047345  1.00  1.00    0.9377  F
  5P*     -1.949743     -1.870655  1.00  1.00    0.8663  F
  5P      -1.725098     -1.649138  2.00  2.00    0.8288  F
  4F*     -0.522249     -0.416202  2.00  0.00    0.9616  F
  4F      -0.493311     -0.387589  0.00  0.00    0.0000  F
  5D*     -0.257537     -0.207275  1.00  0.00    0.3926  F
  6S      -0.300172     -0.273162  1.00  1.00    0.0602  F
>   inputfiles prepared	(13:16:42)  
 inputfiles prepared 
 next is kgen 
  NUMBER OF K-POINTS IN WHOLE CELL: (0 allows to specify 3 divisions of G)
 length of reciprocal lattice vectors:   1.147   1.147   0.587  16.965  16.965   8.686
  Shift of k-mesh allowed. Do you want to shift: (0=no, 1=shift)
         288  k-points generated, ndiv=          16          16           8
 next is dstart 
>   dstart  -p > & .mist	(13:16:42) running dstart in single mode
 C  T F
DSTART ENDS
0.265u 0.015s 0:00.28 96.4%	0+0k 0+920io 0pf+0w

-----> new case.in0 generated
  init_lapw finished ok  
 next is setrmt 
 next is nn 
 specify nn-bondlength factor: (usually=2) [and optionally dlimit, dstmax (about
  1.d-5, 20)]
 DSTMAX:   22.0000004768372     
 iix,iiy,iiz           5           5           5   30.9380050000000     
   62.7810100000000        54.2001550000000     
 NAMED ATOM: Pr1       Z changed to IATNR+999 to determine equivalency

    ATOM  1  Pr1        ATOM  1  Pr1       
 RMT(  1)=2.30000 AND RMT(  1)=2.30000
 SUMS TO 4.60000  LT.  NN-DIST= 6.00018
0.001u 0.003s 0:00.00 0.0%	0+0k 0+40io 0pf+0w
 next is sgroup 
>   sgroup	(13:16:42) 0.001u 0.000s 0:00.00 0.0%	0+0k 0+8io 0pf+0w
  Names of point group: mm2    mm2    C2v
Number and name of space group: 63 (C m c m)
 next is symmetry 
>   symmetry	(13:16:42)  SPACE GROUP CONTAINS INVERSION
0.002u 0.001s 0:00.00 0.0%	0+0k 0+32io 0pf+0w
 next is lstart 
 1 Atoms found:  with labels Pr1  
generate atomic configuration for atom 1 : Pr1
  SELECT XCPOT:
  recommended: PBE    [(13) GGA of Perdew-Burke-Ernzerhof 96]
               LDA    [( 5)]
               WC     [(11)  GGA of Wu-Cohen 2006]
               PBESOL [(19) GGA of Perdew etal. 2008]
  SELECT ENERGY to separate core and valence states:
  recommended: -6.0 Ry (check how much core charge leaks out of MT-sphere)
  ALTERNATIVELY: specify charge localization
  (between 0.97 and 1.0) to select core state

Atomic configuration for atom: Pr1   Z=  59.00
          E-up(Ry)      E-dn(Ry)   Occupancy   q/sphere  core-state
  1S   -3068.055446  -3068.055485  1.00  1.00    1.0000  T
  2S    -493.822655   -493.819390  1.00  1.00    1.0000  T
  2P*   -466.919788   -466.917603  1.00  1.00    1.0000  T
  2P    -431.523178   -431.520585  2.00  2.00    1.0000  T
  3S    -106.939719   -106.895496  1.00  1.00    1.0000  T
  3P*    -95.475455    -95.434740  1.00  1.00    1.0000  T
  3P     -88.470282    -88.424910  2.00  2.00    1.0000  T
  3D*    -68.391526    -68.356854  2.00  2.00    1.0000  T
  3D     -66.880676    -66.844792  3.00  3.00    1.0000  T
  4S     -21.655261    -21.541183  1.00  1.00    1.0000  T
  4P*    -17.361942    -17.247810  1.00  1.00    1.0000  T
  4P     -15.834490    -15.720255  2.00  2.00    1.0000  T
  4D*     -8.766986     -8.653007  2.00  2.00    0.9999  T
  4D      -8.497493     -8.383588  3.00  3.00    0.9998  T
  5S      -3.133362     -3.047345  1.00  1.00    0.9377  F
  5P*     -1.949743     -1.870655  1.00  1.00    0.8663  F
  5P      -1.725098     -1.649138  2.00  2.00    0.8288  F
  4F*     -0.522249     -0.416202  2.00  0.00    0.9616  F
  4F      -0.493311     -0.387589  0.00  0.00    0.0000  F
  5D*     -0.257537     -0.207275  1.00  0.00    0.3926  F
  6S      -0.300172     -0.273162  1.00  1.00    0.0602  F
>   inputfiles prepared	(13:16:42)  
 inputfiles prepared 
 next is kgen 
  NUMBER OF K-POINTS IN WHOLE CELL: (0 allows to specify 3 divisions of G)
 length of reciprocal lattice vectors:   1.132   1.132   0.580  16.965  16.965   8.686
  Shift of k-mesh allowed. Do you want to shift: (0=no, 1=shift)
         288  k-points generated, ndiv=          16          16           8
 next is dstart 
>   dstart  -p > & .mist	(13:16:43) running dstart in single mode
 C  T F
DSTART ENDS
0.268u 0.017s 0:00.28 96.4%	0+0k 0+936io 0pf+0w

-----> new case.in0 generated
  init_lapw finished ok  
 next is setrmt 
 next is nn 
 specify nn-bondlength factor: (usually=2) [and optionally dlimit, dstmax (about
  1.d-5, 20)]
 DSTMAX:   22.0000004768372     
 iix,iiy,iiz           5           5           5   31.3296650000000     
   63.5757900000000        54.8863050000000     
 NAMED ATOM: Pr1       Z changed to IATNR+999 to determine equivalency

    ATOM  1  Pr1        ATOM  1  Pr1       
 RMT(  1)=2.30000 AND RMT(  1)=2.30000
 SUMS TO 4.60000  LT.  NN-DIST= 6.07614
0.000u 0.004s 0:00.00 0.0%	0+0k 0+40io 0pf+0w
 next is sgroup 
>   sgroup	(13:16:43) 0.000u 0.001s 0:00.00 0.0%	0+0k 0+8io 0pf+0w
  Names of point group: mm2    mm2    C2v
Number and name of space group: 63 (C m c m)
 next is symmetry 
>   symmetry	(13:16:43)  SPACE GROUP CONTAINS INVERSION
0.001u 0.003s 0:00.00 0.0%	0+0k 0+32io 0pf+0w
 next is lstart 
 1 Atoms found:  with labels Pr1  
generate atomic configuration for atom 1 : Pr1
  SELECT XCPOT:
  recommended: PBE    [(13) GGA of Perdew-Burke-Ernzerhof 96]
               LDA    [( 5)]
               WC     [(11)  GGA of Wu-Cohen 2006]
               PBESOL [(19) GGA of Perdew etal. 2008]
  SELECT ENERGY to separate core and valence states:
  recommended: -6.0 Ry (check how much core charge leaks out of MT-sphere)
  ALTERNATIVELY: specify charge localization
  (between 0.97 and 1.0) to select core state

Atomic configuration for atom: Pr1   Z=  59.00
          E-up(Ry)      E-dn(Ry)   Occupancy   q/sphere  core-state
  1S   -3068.055446  -3068.055485  1.00  1.00    1.0000  T
  2S    -493.822655   -493.819390  1.00  1.00    1.0000  T
  2P*   -466.919788   -466.917603  1.00  1.00    1.0000  T
  2P    -431.523178   -431.520585  2.00  2.00    1.0000  T
  3S    -106.939719   -106.895496  1.00  1.00    1.0000  T
  3P*    -95.475455    -95.434740  1.00  1.00    1.0000  T
  3P     -88.470282    -88.424910  2.00  2.00    1.0000  T
  3D*    -68.391526    -68.356854  2.00  2.00    1.0000  T
  3D     -66.880676    -66.844792  3.00  3.00    1.0000  T
  4S     -21.655261    -21.541183  1.00  1.00    1.0000  T
  4P*    -17.361942    -17.247810  1.00  1.00    1.0000  T
  4P     -15.834490    -15.720255  2.00  2.00    1.0000  T
  4D*     -8.766986     -8.653007  2.00  2.00    0.9999  T
  4D      -8.497493     -8.383588  3.00  3.00    0.9998  T
  5S      -3.133362     -3.047345  1.00  1.00    0.9377  F
  5P*     -1.949743     -1.870655  1.00  1.00    0.8663  F
  5P      -1.725098     -1.649138  2.00  2.00    0.8288  F
  4F*     -0.522249     -0.416202  2.00  0.00    0.9616  F
  4F      -0.493311     -0.387589  0.00  0.00    0.0000  F
  5D*     -0.257537     -0.207275  1.00  0.00    0.3926  F
  6S      -0.300172     -0.273162  1.00  1.00    0.0602  F
>   inputfiles prepared	(13:16:43)  
 inputfiles prepared 
 next is kgen 
  NUMBER OF K-POINTS IN WHOLE CELL: (0 allows to specify 3 divisions of G)
 length of reciprocal lattice vectors:   1.118   1.118   0.572  16.965  16.965   8.686
  Shift of k-mesh allowed. Do you want to shift: (0=no, 1=shift)
         288  k-points generated, ndiv=          16          16           8
 next is dstart 
>   dstart  -p > & .mist	(13:16:43) running dstart in single mode
 C  T F
DSTART ENDS
0.272u 0.013s 0:00.28 100.0%	0+0k 0+952io 0pf+0w

-----> new case.in0 generated
  init_lapw finished ok  
 next is setrmt 
 next is nn 
 specify nn-bondlength factor: (usually=2) [and optionally dlimit, dstmax (about
  1.d-5, 20)]
 DSTMAX:   22.0000004768372     
 iix,iiy,iiz           5           5           5   31.7117700000000     
   64.3511850000000        55.5557150000000     
 NAMED ATOM: Pr1       Z changed to IATNR+999 to determine equivalency

    ATOM  1  Pr1        ATOM  1  Pr1       
 RMT(  1)=2.30000 AND RMT(  1)=2.30000
 SUMS TO 4.60000  LT.  NN-DIST= 6.15025
0.000u 0.003s 0:00.00 0.0%	0+0k 0+40io 0pf+0w
 next is sgroup 
>   sgroup	(13:16:44) 0.000u 0.001s 0:00.00 0.0%	0+0k 0+8io 0pf+0w
  Names of point group: mm2    mm2    C2v
Number and name of space group: 63 (C m c m)
 next is symmetry 
>   symmetry	(13:16:44)  SPACE GROUP CONTAINS INVERSION
0.000u 0.002s 0:00.00 0.0%	0+0k 0+32io 0pf+0w
 next is lstart 
 1 Atoms found:  with labels Pr1  
generate atomic configuration for atom 1 : Pr1
  SELECT XCPOT:
  recommended: PBE    [(13) GGA of Perdew-Burke-Ernzerhof 96]
               LDA    [( 5)]
               WC     [(11)  GGA of Wu-Cohen 2006]
               PBESOL [(19) GGA of Perdew etal. 2008]
  SELECT ENERGY to separate core and valence states:
  recommended: -6.0 Ry (check how much core charge leaks out of MT-sphere)
  ALTERNATIVELY: specify charge localization
  (between 0.97 and 1.0) to select core state

Atomic configuration for atom: Pr1   Z=  59.00
          E-up(Ry)      E-dn(Ry)   Occupancy   q/sphere  core-state
  1S   -3068.055446  -3068.055485  1.00  1.00    1.0000  T
  2S    -493.822655   -493.819390  1.00  1.00    1.0000  T
  2P*   -466.919788   -466.917603  1.00  1.00    1.0000  T
  2P    -431.523178   -431.520585  2.00  2.00    1.0000  T
  3S    -106.939719   -106.895496  1.00  1.00    1.0000  T
  3P*    -95.475455    -95.434740  1.00  1.00    1.0000  T
  3P     -88.470282    -88.424910  2.00  2.00    1.0000  T
  3D*    -68.391526    -68.356854  2.00  2.00    1.0000  T
  3D     -66.880676    -66.844792  3.00  3.00    1.0000  T
  4S     -21.655261    -21.541183  1.00  1.00    1.0000  T
  4P*    -17.361942    -17.247810  1.00  1.00    1.0000  T
  4P     -15.834490    -15.720255  2.00  2.00    1.0000  T
  4D*     -8.766986     -8.653007  2.00  2.00    0.9999  T
  4D      -8.497493     -8.383588  3.00  3.00    0.9998  T
  5S      -3.133362     -3.047345  1.00  1.00    0.9377  F
  5P*     -1.949743     -1.870655  1.00  1.00    0.8663  F
  5P      -1.725098     -1.649138  2.00  2.00    0.8288  F
  4F*     -0.522249     -0.416202  2.00  0.00    0.9616  F
  4F      -0.493311     -0.387589  0.00  0.00    0.0000  F
  5D*     -0.257537     -0.207275  1.00  0.00    0.3926  F
  6S      -0.300172     -0.273162  1.00  1.00    0.0602  F
>   inputfiles prepared	(13:16:44)  
 inputfiles prepared 
 next is kgen 
  NUMBER OF K-POINTS IN WHOLE CELL: (0 allows to specify 3 divisions of G)
 length of reciprocal lattice vectors:   1.104   1.104   0.565  16.965  16.965   8.686
  Shift of k-mesh allowed. Do you want to shift: (0=no, 1=shift)
         288  k-points generated, ndiv=          16          16           8
 next is dstart 
>   dstart  -p > & .mist	(13:16:44) running dstart in single mode
 C  T F
DSTART ENDS
0.249u 0.017s 0:00.26 96.1%	0+0k 0+968io 0pf+0w

-----> new case.in0 generated
  init_lapw finished ok  
 next is setrmt 
 next is nn 
 specify nn-bondlength factor: (usually=2) [and optionally dlimit, dstmax (about
  1.d-5, 20)]
 DSTMAX:   22.0000004768372     
 iix,iiy,iiz           5           5           5   32.0848850000000     
   65.1083250000000        56.2093700000000     
 NAMED ATOM: Pr1       Z changed to IATNR+999 to determine equivalency

    ATOM  1  Pr1        ATOM  1  Pr1       
 RMT(  1)=2.30000 AND RMT(  1)=2.30000
 SUMS TO 4.60000  LT.  NN-DIST= 6.22261
0.000u 0.003s 0:00.00 0.0%	0+0k 0+40io 0pf+0w
 next is sgroup 
>   sgroup	(13:16:44) 0.000u 0.000s 0:00.00 0.0%	0+0k 0+8io 0pf+0w
  Names of point group: mm2    mm2    C2v
Number and name of space group: 63 (C m c m)
 next is symmetry 
>   symmetry	(13:16:45)  SPACE GROUP CONTAINS INVERSION
0.000u 0.003s 0:00.00 0.0%	0+0k 0+32io 0pf+0w
 next is lstart 
 1 Atoms found:  with labels Pr1  
generate atomic configuration for atom 1 : Pr1
  SELECT XCPOT:
  recommended: PBE    [(13) GGA of Perdew-Burke-Ernzerhof 96]
               LDA    [( 5)]
               WC     [(11)  GGA of Wu-Cohen 2006]
               PBESOL [(19) GGA of Perdew etal. 2008]
  SELECT ENERGY to separate core and valence states:
  recommended: -6.0 Ry (check how much core charge leaks out of MT-sphere)
  ALTERNATIVELY: specify charge localization
  (between 0.97 and 1.0) to select core state

Atomic configuration for atom: Pr1   Z=  59.00
          E-up(Ry)      E-dn(Ry)   Occupancy   q/sphere  core-state
  1S   -3068.055446  -3068.055485  1.00  1.00    1.0000  T
  2S    -493.822655   -493.819390  1.00  1.00    1.0000  T
  2P*   -466.919788   -466.917603  1.00  1.00    1.0000  T
  2P    -431.523178   -431.520585  2.00  2.00    1.0000  T
  3S    -106.939719   -106.895496  1.00  1.00    1.0000  T
  3P*    -95.475455    -95.434740  1.00  1.00    1.0000  T
  3P     -88.470282    -88.424910  2.00  2.00    1.0000  T
  3D*    -68.391526    -68.356854  2.00  2.00    1.0000  T
  3D     -66.880676    -66.844792  3.00  3.00    1.0000  T
  4S     -21.655261    -21.541183  1.00  1.00    1.0000  T
  4P*    -17.361942    -17.247810  1.00  1.00    1.0000  T
  4P     -15.834490    -15.720255  2.00  2.00    1.0000  T
  4D*     -8.766986     -8.653007  2.00  2.00    0.9999  T
  4D      -8.497493     -8.383588  3.00  3.00    0.9998  T
  5S      -3.133362     -3.047345  1.00  1.00    0.9377  F
  5P*     -1.949743     -1.870655  1.00  1.00    0.8663  F
  5P      -1.725098     -1.649138  2.00  2.00    0.8288  F
  4F*     -0.522249     -0.416202  2.00  0.00    0.9616  F
  4F      -0.493311     -0.387589  0.00  0.00    0.0000  F
  5D*     -0.257537     -0.207275  1.00  0.00    0.3926  F
  6S      -0.300172     -0.273162  1.00  1.00    0.0602  F
>   inputfiles prepared	(13:16:45)  
 inputfiles prepared 
 next is kgen 
  NUMBER OF K-POINTS IN WHOLE CELL: (0 allows to specify 3 divisions of G)
 length of reciprocal lattice vectors:   1.092   1.092   0.559  16.965  16.965   8.686
  Shift of k-mesh allowed. Do you want to shift: (0=no, 1=shift)
         288  k-points generated, ndiv=          16          16           8
 next is dstart 
>   dstart  -p > & .mist	(13:16:45) running dstart in single mode
 C  T F
DSTART ENDS
0.253u 0.015s 0:00.26 100.0%	0+0k 0+984io 0pf+0w

-----> new case.in0 generated
  init_lapw finished ok  
 next is setrmt 
 next is nn 
 specify nn-bondlength factor: (usually=2) [and optionally dlimit, dstmax (about
  1.d-5, 20)]
 DSTMAX:   22.0000004768372     
 iix,iiy,iiz           5           5           5   32.4495200000000     
   65.8482550000000        56.8481700000000     
 NAMED ATOM: Pr1       Z changed to IATNR+999 to determine equivalency

    ATOM  1  Pr1        ATOM  1  Pr1       
 RMT(  1)=2.30000 AND RMT(  1)=2.30000
 SUMS TO 4.60000  LT.  NN-DIST= 6.29333
0.000u 0.002s 0:00.00 0.0%	0+0k 0+40io 0pf+0w
 next is sgroup 
>   sgroup	(13:16:45) 0.000u 0.000s 0:00.00 0.0%	0+0k 0+8io 0pf+0w
  Names of point group: mm2    mm2    C2v
Number and name of space group: 63 (C m c m)
 next is symmetry 
>   symmetry	(13:16:45)  SPACE GROUP CONTAINS INVERSION
0.000u 0.003s 0:00.00 0.0%	0+0k 0+32io 0pf+0w
 next is lstart 
 1 Atoms found:  with labels Pr1  
generate atomic configuration for atom 1 : Pr1
  SELECT XCPOT:
  recommended: PBE    [(13) GGA of Perdew-Burke-Ernzerhof 96]
               LDA    [( 5)]
               WC     [(11)  GGA of Wu-Cohen 2006]
               PBESOL [(19) GGA of Perdew etal. 2008]
  SELECT ENERGY to separate core and valence states:
  recommended: -6.0 Ry (check how much core charge leaks out of MT-sphere)
  ALTERNATIVELY: specify charge localization
  (between 0.97 and 1.0) to select core state

Atomic configuration for atom: Pr1   Z=  59.00
          E-up(Ry)      E-dn(Ry)   Occupancy   q/sphere  core-state
  1S   -3068.055446  -3068.055485  1.00  1.00    1.0000  T
  2S    -493.822655   -493.819390  1.00  1.00    1.0000  T
  2P*   -466.919788   -466.917603  1.00  1.00    1.0000  T
  2P    -431.523178   -431.520585  2.00  2.00    1.0000  T
  3S    -106.939719   -106.895496  1.00  1.00    1.0000  T
  3P*    -95.475455    -95.434740  1.00  1.00    1.0000  T
  3P     -88.470282    -88.424910  2.00  2.00    1.0000  T
  3D*    -68.391526    -68.356854  2.00  2.00    1.0000  T
  3D     -66.880676    -66.844792  3.00  3.00    1.0000  T
  4S     -21.655261    -21.541183  1.00  1.00    1.0000  T
  4P*    -17.361942    -17.247810  1.00  1.00    1.0000  T
  4P     -15.834490    -15.720255  2.00  2.00    1.0000  T
  4D*     -8.766986     -8.653007  2.00  2.00    0.9999  T
  4D      -8.497493     -8.383588  3.00  3.00    0.9998  T
  5S      -3.133362     -3.047345  1.00  1.00    0.9377  F
  5P*     -1.949743     -1.870655  1.00  1.00    0.8663  F
  5P      -1.725098     -1.649138  2.00  2.00    0.8288  F
  4F*     -0.522249     -0.416202  2.00  0.00    0.9616  F
  4F      -0.493311     -0.387589  0.00  0.00    0.0000  F
  5D*     -0.257537     -0.207275  1.00  0.00    0.3926  F
  6S      -0.300172     -0.273162  1.00  1.00    0.0602  F
>   inputfiles prepared	(13:16:45)  
 inputfiles prepared 
 next is kgen 
  NUMBER OF K-POINTS IN WHOLE CELL: (0 allows to specify 3 divisions of G)
 length of reciprocal lattice vectors:   1.079   1.079   0.553  16.965  16.965   8.686
  Shift of k-mesh allowed. Do you want to shift: (0=no, 1=shift)
         288  k-points generated, ndiv=          16          16           8
 next is dstart 
>   dstart  -p > & .mist	(13:16:46) running dstart in single mode
 C  T F
DSTART ENDS
0.256u 0.014s 0:00.27 96.2%	0+0k 0+1000io 0pf+0w

-----> new case.in0 generated
  init_lapw finished ok  
 next is setrmt 
 next is nn 
 specify nn-bondlength factor: (usually=2) [and optionally dlimit, dstmax (about
  1.d-5, 20)]
 DSTMAX:   22.0000004768372     
 iix,iiy,iiz           5           5           5   32.8061350000000     
   66.5719200000000        57.4729250000000     
 NAMED ATOM: Pr1       Z changed to IATNR+999 to determine equivalency

    ATOM  1  Pr1        ATOM  1  Pr1       
 RMT(  1)=2.30000 AND RMT(  1)=2.30000
 SUMS TO 4.60000  LT.  NN-DIST= 6.36249
0.002u 0.000s 0:00.00 0.0%	0+0k 0+40io 0pf+0w
 next is sgroup 
>   sgroup	(13:16:46) 0.001u 0.000s 0:00.00 0.0%	0+0k 0+8io 0pf+0w
  Names of point group: mm2    mm2    C2v
Number and name of space group: 63 (C m c m)
 next is symmetry 
>   symmetry	(13:16:46)  SPACE GROUP CONTAINS INVERSION
0.000u 0.002s 0:00.00 0.0%	0+0k 0+32io 0pf+0w
 next is lstart 
 1 Atoms found:  with labels Pr1  
generate atomic configuration for atom 1 : Pr1
  SELECT XCPOT:
  recommended: PBE    [(13) GGA of Perdew-Burke-Ernzerhof 96]
               LDA    [( 5)]
               WC     [(11)  GGA of Wu-Cohen 2006]
               PBESOL [(19) GGA of Perdew etal. 2008]
  SELECT ENERGY to separate core and valence states:
  recommended: -6.0 Ry (check how much core charge leaks out of MT-sphere)
  ALTERNATIVELY: specify charge localization
  (between 0.97 and 1.0) to select core state

Atomic configuration for atom: Pr1   Z=  59.00
          E-up(Ry)      E-dn(Ry)   Occupancy   q/sphere  core-state
  1S   -3068.055446  -3068.055485  1.00  1.00    1.0000  T
  2S    -493.822655   -493.819390  1.00  1.00    1.0000  T
  2P*   -466.919788   -466.917603  1.00  1.00    1.0000  T
  2P    -431.523178   -431.520585  2.00  2.00    1.0000  T
  3S    -106.939719   -106.895496  1.00  1.00    1.0000  T
  3P*    -95.475455    -95.434740  1.00  1.00    1.0000  T
  3P     -88.470282    -88.424910  2.00  2.00    1.0000  T
  3D*    -68.391526    -68.356854  2.00  2.00    1.0000  T
  3D     -66.880676    -66.844792  3.00  3.00    1.0000  T
  4S     -21.655261    -21.541183  1.00  1.00    1.0000  T
  4P*    -17.361942    -17.247810  1.00  1.00    1.0000  T
  4P     -15.834490    -15.720255  2.00  2.00    1.0000  T
  4D*     -8.766986     -8.653007  2.00  2.00    0.9999  T
  4D      -8.497493     -8.383588  3.00  3.00    0.9998  T
  5S      -3.133362     -3.047345  1.00  1.00    0.9377  F
  5P*     -1.949743     -1.870655  1.00  1.00    0.8663  F
  5P      -1.725098     -1.649138  2.00  2.00    0.8288  F
  4F*     -0.522249     -0.416202  2.00  0.00    0.9616  F
  4F      -0.493311     -0.387589  0.00  0.00    0.0000  F
  5D*     -0.257537     -0.207275  1.00  0.00    0.3926  F
  6S      -0.300172     -0.273162  1.00  1.00    0.0602  F
>   inputfiles prepared	(13:16:46)  
 inputfiles prepared 
 next is kgen 
  NUMBER OF K-POINTS IN WHOLE CELL: (0 allows to specify 3 divisions of G)
 length of reciprocal lattice vectors:   1.068   1.068   0.547  16.965  16.965   8.686
  Shift of k-mesh allowed. Do you want to shift: (0=no, 1=shift)
         288  k-points generated, ndiv=          16          16           8
 next is dstart 
>   dstart  -p > & .mist	(13:16:46) running dstart in single mode
 C  T F
DSTART ENDS
0.256u 0.014s 0:00.27 96.2%	0+0k 0+1016io 0pf+0w

-----> new case.in0 generated
  init_lapw finished ok  
 next is setrmt 
 next is nn 
 specify nn-bondlength factor: (usually=2) [and optionally dlimit, dstmax (about
  1.d-5, 20)]
 DSTMAX:   22.0000004768372     
 iix,iiy,iiz           5           5           5   33.1551600000000     
   67.2801850000000        58.0843850000000     
 NAMED ATOM: Pr1       Z changed to IATNR+999 to determine equivalency

    ATOM  1  Pr1        ATOM  1  Pr1       
 RMT(  1)=2.30000 AND RMT(  1)=2.30000
 SUMS TO 4.60000  LT.  NN-DIST= 6.43018
0.003u 0.000s 0:00.00 0.0%	0+0k 0+40io 0pf+0w
 next is sgroup 
>   sgroup	(13:16:47) 0.000u 0.001s 0:00.00 0.0%	0+0k 0+8io 0pf+0w
  Names of point group: mm2    mm2    C2v
Number and name of space group: 63 (C m c m)
 next is symmetry 
>   symmetry	(13:16:47)  SPACE GROUP CONTAINS INVERSION
0.002u 0.001s 0:00.00 0.0%	0+0k 0+32io 0pf+0w
 next is lstart 
 1 Atoms found:  with labels Pr1  
generate atomic configuration for atom 1 : Pr1
  SELECT XCPOT:
  recommended: PBE    [(13) GGA of Perdew-Burke-Ernzerhof 96]
               LDA    [( 5)]
               WC     [(11)  GGA of Wu-Cohen 2006]
               PBESOL [(19) GGA of Perdew etal. 2008]
  SELECT ENERGY to separate core and valence states:
  recommended: -6.0 Ry (check how much core charge leaks out of MT-sphere)
  ALTERNATIVELY: specify charge localization
  (between 0.97 and 1.0) to select core state

Atomic configuration for atom: Pr1   Z=  59.00
          E-up(Ry)      E-dn(Ry)   Occupancy   q/sphere  core-state
  1S   -3068.055446  -3068.055485  1.00  1.00    1.0000  T
  2S    -493.822655   -493.819390  1.00  1.00    1.0000  T
  2P*   -466.919788   -466.917603  1.00  1.00    1.0000  T
  2P    -431.523178   -431.520585  2.00  2.00    1.0000  T
  3S    -106.939719   -106.895496  1.00  1.00    1.0000  T
  3P*    -95.475455    -95.434740  1.00  1.00    1.0000  T
  3P     -88.470282    -88.424910  2.00  2.00    1.0000  T
  3D*    -68.391526    -68.356854  2.00  2.00    1.0000  T
  3D     -66.880676    -66.844792  3.00  3.00    1.0000  T
  4S     -21.655261    -21.541183  1.00  1.00    1.0000  T
  4P*    -17.361942    -17.247810  1.00  1.00    1.0000  T
  4P     -15.834490    -15.720255  2.00  2.00    1.0000  T
  4D*     -8.766986     -8.653007  2.00  2.00    0.9999  T
  4D      -8.497493     -8.383588  3.00  3.00    0.9998  T
  5S      -3.133362     -3.047345  1.00  1.00    0.9377  F
  5P*     -1.949743     -1.870655  1.00  1.00    0.8663  F
  5P      -1.725098     -1.649138  2.00  2.00    0.8288  F
  4F*     -0.522249     -0.416202  2.00  0.00    0.9616  F
  4F      -0.493311     -0.387589  0.00  0.00    0.0000  F
  5D*     -0.257537     -0.207275  1.00  0.00    0.3926  F
  6S      -0.300172     -0.273162  1.00  1.00    0.0602  F
>   inputfiles prepared	(13:16:47)  
 inputfiles prepared 
 next is kgen 
  NUMBER OF K-POINTS IN WHOLE CELL: (0 allows to specify 3 divisions of G)
 length of reciprocal lattice vectors:   1.056   1.056   0.541  16.965  16.965   8.686
  Shift of k-mesh allowed. Do you want to shift: (0=no, 1=shift)
         288  k-points generated, ndiv=          16          16           8
 next is dstart 
>   dstart  -p > & .mist	(13:16:47) running dstart in single mode
 C  T F
DSTART ENDS
0.262u 0.013s 0:00.27 100.0%	0+0k 0+1024io 0pf+0w

-----> new case.in0 generated
  init_lapw finished ok  
 next is setrmt 
 next is nn 
 specify nn-bondlength factor: (usually=2) [and optionally dlimit, dstmax (about
  1.d-5, 20)]
 DSTMAX:   22.0000004768372     
 iix,iiy,iiz           5           5           5   33.4969900000000     
   67.9738450000000        58.6832350000000     
 NAMED ATOM: Pr1       Z changed to IATNR+999 to determine equivalency

    ATOM  1  Pr1        ATOM  1  Pr1       
 RMT(  1)=2.30000 AND RMT(  1)=2.30000
 SUMS TO 4.60000  LT.  NN-DIST= 6.49647
0.002u 0.000s 0:00.00 0.0%	0+0k 0+40io 0pf+0w
 next is sgroup 
>   sgroup	(13:16:47) 0.000u 0.001s 0:00.00 0.0%	0+0k 0+8io 0pf+0w
  Names of point group: mm2    mm2    C2v
Number and name of space group: 63 (C m c m)
 next is symmetry 
>   symmetry	(13:16:47)  SPACE GROUP CONTAINS INVERSION
0.000u 0.002s 0:00.00 0.0%	0+0k 0+32io 0pf+0w
 next is lstart 
 1 Atoms found:  with labels Pr1  
generate atomic configuration for atom 1 : Pr1
  SELECT XCPOT:
  recommended: PBE    [(13) GGA of Perdew-Burke-Ernzerhof 96]
               LDA    [( 5)]
               WC     [(11)  GGA of Wu-Cohen 2006]
               PBESOL [(19) GGA of Perdew etal. 2008]
  SELECT ENERGY to separate core and valence states:
  recommended: -6.0 Ry (check how much core charge leaks out of MT-sphere)
  ALTERNATIVELY: specify charge localization
  (between 0.97 and 1.0) to select core state

Atomic configuration for atom: Pr1   Z=  59.00
          E-up(Ry)      E-dn(Ry)   Occupancy   q/sphere  core-state
  1S   -3068.055446  -3068.055485  1.00  1.00    1.0000  T
  2S    -493.822655   -493.819390  1.00  1.00    1.0000  T
  2P*   -466.919788   -466.917603  1.00  1.00    1.0000  T
  2P    -431.523178   -431.520585  2.00  2.00    1.0000  T
  3S    -106.939719   -106.895496  1.00  1.00    1.0000  T
  3P*    -95.475455    -95.434740  1.00  1.00    1.0000  T
  3P     -88.470282    -88.424910  2.00  2.00    1.0000  T
  3D*    -68.391526    -68.356854  2.00  2.00    1.0000  T
  3D     -66.880676    -66.844792  3.00  3.00    1.0000  T
  4S     -21.655261    -21.541183  1.00  1.00    1.0000  T
  4P*    -17.361942    -17.247810  1.00  1.00    1.0000  T
  4P     -15.834490    -15.720255  2.00  2.00    1.0000  T
  4D*     -8.766986     -8.653007  2.00  2.00    0.9999  T
  4D      -8.497493     -8.383588  3.00  3.00    0.9998  T
  5S      -3.133362     -3.047345  1.00  1.00    0.9377  F
  5P*     -1.949743     -1.870655  1.00  1.00    0.8663  F
  5P      -1.725098     -1.649138  2.00  2.00    0.8288  F
  4F*     -0.522249     -0.416202  2.00  0.00    0.9616  F
  4F      -0.493311     -0.387589  0.00  0.00    0.0000  F
  5D*     -0.257537     -0.207275  1.00  0.00    0.3926  F
  6S      -0.300172     -0.273162  1.00  1.00    0.0602  F
>   inputfiles prepared	(13:16:48)  
 inputfiles prepared 
 next is kgen 
  NUMBER OF K-POINTS IN WHOLE CELL: (0 allows to specify 3 divisions of G)
 length of reciprocal lattice vectors:   1.046   1.046   0.535  16.965  16.965   8.686
  Shift of k-mesh allowed. Do you want to shift: (0=no, 1=shift)
         288  k-points generated, ndiv=          16          16           8
 next is dstart 
>   dstart  -p > & .mist	(13:16:48) running dstart in single mode
 C  T F
DSTART ENDS
0.260u 0.017s 0:00.27 100.0%	0+0k 0+1040io 0pf+0w

-----> new case.in0 generated
  init_lapw finished ok  
 next is setrmt 
 next is nn 
 specify nn-bondlength factor: (usually=2) [and optionally dlimit, dstmax (about
  1.d-5, 20)]
 DSTMAX:   22.0000004768372     
 iix,iiy,iiz           5           5           5   33.8319850000000     
   68.6536300000000        59.2701050000000     
 NAMED ATOM: Pr1       Z changed to IATNR+999 to determine equivalency

    ATOM  1  Pr1        ATOM  1  Pr1       
 RMT(  1)=2.30000 AND RMT(  1)=2.30000
 SUMS TO 4.60000  LT.  NN-DIST= 6.56144
0.000u 0.004s 0:00.00 0.0%	0+0k 0+40io 0pf+0w
 next is sgroup 
>   sgroup	(13:16:48) 0.000u 0.000s 0:00.00 0.0%	0+0k 0+8io 0pf+0w
  Names of point group: mm2    mm2    C2v
Number and name of space group: 63 (C m c m)
 next is symmetry 
>   symmetry	(13:16:48)  SPACE GROUP CONTAINS INVERSION
0.001u 0.003s 0:00.00 0.0%	0+0k 0+32io 0pf+0w
 next is lstart 
 1 Atoms found:  with labels Pr1  
generate atomic configuration for atom 1 : Pr1
  SELECT XCPOT:
  recommended: PBE    [(13) GGA of Perdew-Burke-Ernzerhof 96]
               LDA    [( 5)]
               WC     [(11)  GGA of Wu-Cohen 2006]
               PBESOL [(19) GGA of Perdew etal. 2008]
  SELECT ENERGY to separate core and valence states:
  recommended: -6.0 Ry (check how much core charge leaks out of MT-sphere)
  ALTERNATIVELY: specify charge localization
  (between 0.97 and 1.0) to select core state

Atomic configuration for atom: Pr1   Z=  59.00
          E-up(Ry)      E-dn(Ry)   Occupancy   q/sphere  core-state
  1S   -3068.055446  -3068.055485  1.00  1.00    1.0000  T
  2S    -493.822655   -493.819390  1.00  1.00    1.0000  T
  2P*   -466.919788   -466.917603  1.00  1.00    1.0000  T
  2P    -431.523178   -431.520585  2.00  2.00    1.0000  T
  3S    -106.939719   -106.895496  1.00  1.00    1.0000  T
  3P*    -95.475455    -95.434740  1.00  1.00    1.0000  T
  3P     -88.470282    -88.424910  2.00  2.00    1.0000  T
  3D*    -68.391526    -68.356854  2.00  2.00    1.0000  T
  3D     -66.880676    -66.844792  3.00  3.00    1.0000  T
  4S     -21.655261    -21.541183  1.00  1.00    1.0000  T
  4P*    -17.361942    -17.247810  1.00  1.00    1.0000  T
  4P     -15.834490    -15.720255  2.00  2.00    1.0000  T
  4D*     -8.766986     -8.653007  2.00  2.00    0.9999  T
  4D      -8.497493     -8.383588  3.00  3.00    0.9998  T
  5S      -3.133362     -3.047345  1.00  1.00    0.9377  F
  5P*     -1.949743     -1.870655  1.00  1.00    0.8663  F
  5P      -1.725098     -1.649138  2.00  2.00    0.8288  F
  4F*     -0.522249     -0.416202  2.00  0.00    0.9616  F
  4F      -0.493311     -0.387589  0.00  0.00    0.0000  F
  5D*     -0.257537     -0.207275  1.00  0.00    0.3926  F
  6S      -0.300172     -0.273162  1.00  1.00    0.0602  F
>   inputfiles prepared	(13:16:48)  
 inputfiles prepared 
 next is kgen 
  NUMBER OF K-POINTS IN WHOLE CELL: (0 allows to specify 3 divisions of G)
 length of reciprocal lattice vectors:   1.035   1.035   0.530  16.965  16.965   8.686
  Shift of k-mesh allowed. Do you want to shift: (0=no, 1=shift)
         288  k-points generated, ndiv=          16          16           8
 next is dstart 
>   dstart  -p > & .mist	(13:16:49) running dstart in single mode
 C  T F
DSTART ENDS
0.265u 0.015s 0:00.28 96.4%	0+0k 32+1056io 0pf+0w

-----> new case.in0 generated
  init_lapw finished ok  
 next is setrmt 
 next is nn 
 specify nn-bondlength factor: (usually=2) [and optionally dlimit, dstmax (about
  1.d-5, 20)]
 DSTMAX:   22.0000004768372     
 iix,iiy,iiz           5           5           5   34.1604700000000     
   69.3202100000000        59.8455800000000     
 NAMED ATOM: Pr1       Z changed to IATNR+999 to determine equivalency

    ATOM  1  Pr1        ATOM  1  Pr1       
 RMT(  1)=2.30000 AND RMT(  1)=2.30000
 SUMS TO 4.60000  LT.  NN-DIST= 6.62515
0.001u 0.001s 0:00.00 0.0%	0+0k 0+40io 0pf+0w
 next is sgroup 
>   sgroup	(13:16:49) 0.000u 0.001s 0:00.00 0.0%	0+0k 0+8io 0pf+0w
  Names of point group: mm2    mm2    C2v
Number and name of space group: 63 (C m c m)
 next is symmetry 
>   symmetry	(13:16:49)  SPACE GROUP CONTAINS INVERSION
0.001u 0.002s 0:00.00 0.0%	0+0k 0+32io 0pf+0w
 next is lstart 
 1 Atoms found:  with labels Pr1  
generate atomic configuration for atom 1 : Pr1
  SELECT XCPOT:
  recommended: PBE    [(13) GGA of Perdew-Burke-Ernzerhof 96]
               LDA    [( 5)]
               WC     [(11)  GGA of Wu-Cohen 2006]
               PBESOL [(19) GGA of Perdew etal. 2008]
  SELECT ENERGY to separate core and valence states:
  recommended: -6.0 Ry (check how much core charge leaks out of MT-sphere)
  ALTERNATIVELY: specify charge localization
  (between 0.97 and 1.0) to select core state

Atomic configuration for atom: Pr1   Z=  59.00
          E-up(Ry)      E-dn(Ry)   Occupancy   q/sphere  core-state
  1S   -3068.055446  -3068.055485  1.00  1.00    1.0000  T
  2S    -493.822655   -493.819390  1.00  1.00    1.0000  T
  2P*   -466.919788   -466.917603  1.00  1.00    1.0000  T
  2P    -431.523178   -431.520585  2.00  2.00    1.0000  T
  3S    -106.939719   -106.895496  1.00  1.00    1.0000  T
  3P*    -95.475455    -95.434740  1.00  1.00    1.0000  T
  3P     -88.470282    -88.424910  2.00  2.00    1.0000  T
  3D*    -68.391526    -68.356854  2.00  2.00    1.0000  T
  3D     -66.880676    -66.844792  3.00  3.00    1.0000  T
  4S     -21.655261    -21.541183  1.00  1.00    1.0000  T
  4P*    -17.361942    -17.247810  1.00  1.00    1.0000  T
  4P     -15.834490    -15.720255  2.00  2.00    1.0000  T
  4D*     -8.766986     -8.653007  2.00  2.00    0.9999  T
  4D      -8.497493     -8.383588  3.00  3.00    0.9998  T
  5S      -3.133362     -3.047345  1.00  1.00    0.9377  F
  5P*     -1.949743     -1.870655  1.00  1.00    0.8663  F
  5P      -1.725098     -1.649138  2.00  2.00    0.8288  F
  4F*     -0.522249     -0.416202  2.00  0.00    0.9616  F
  4F      -0.493311     -0.387589  0.00  0.00    0.0000  F
  5D*     -0.257537     -0.207275  1.00  0.00    0.3926  F
  6S      -0.300172     -0.273162  1.00  1.00    0.0602  F
>   inputfiles prepared	(13:16:49)  
 inputfiles prepared 
 next is kgen 
  NUMBER OF K-POINTS IN WHOLE CELL: (0 allows to specify 3 divisions of G)
 length of reciprocal lattice vectors:   1.025   1.025   0.525  16.965  16.965   8.686
  Shift of k-mesh allowed. Do you want to shift: (0=no, 1=shift)
         288  k-points generated, ndiv=          16          16           8
 next is dstart 
>   dstart  -p > & .mist	(13:16:49) running dstart in single mode
 C  T F
DSTART ENDS
0.268u 0.013s 0:00.28 96.4%	0+0k 0+1072io 0pf+0w

-----> new case.in0 generated
  init_lapw finished ok  
 next is setrmt 
 next is nn 
 specify nn-bondlength factor: (usually=2) [and optionally dlimit, dstmax (about
  1.d-5, 20)]
 DSTMAX:   22.0000004768372     
 iix,iiy,iiz           5           5           5   34.4827600000000     
   69.9742150000000        60.4101950000000     
 NAMED ATOM: Pr1       Z changed to IATNR+999 to determine equivalency

    ATOM  1  Pr1        ATOM  1  Pr1       
 RMT(  1)=2.30000 AND RMT(  1)=2.30000
 SUMS TO 4.60000  LT.  NN-DIST= 6.68766
0.000u 0.004s 0:00.00 0.0%	0+0k 0+40io 0pf+0w
 next is sgroup 
>   sgroup	(13:16:50) 0.001u 0.000s 0:00.00 0.0%	0+0k 0+8io 0pf+0w
  Names of point group: mm2    mm2    C2v
Number and name of space group: 63 (C m c m)
 next is symmetry 
>   symmetry	(13:16:50)  SPACE GROUP CONTAINS INVERSION
0.002u 0.002s 0:00.00 0.0%	0+0k 0+32io 0pf+0w
 next is lstart 
 1 Atoms found:  with labels Pr1  
generate atomic configuration for atom 1 : Pr1
  SELECT XCPOT:
  recommended: PBE    [(13) GGA of Perdew-Burke-Ernzerhof 96]
               LDA    [( 5)]
               WC     [(11)  GGA of Wu-Cohen 2006]
               PBESOL [(19) GGA of Perdew etal. 2008]
  SELECT ENERGY to separate core and valence states:
  recommended: -6.0 Ry (check how much core charge leaks out of MT-sphere)
  ALTERNATIVELY: specify charge localization
  (between 0.97 and 1.0) to select core state

Atomic configuration for atom: Pr1   Z=  59.00
          E-up(Ry)      E-dn(Ry)   Occupancy   q/sphere  core-state
  1S   -3068.055446  -3068.055485  1.00  1.00    1.0000  T
  2S    -493.822655   -493.819390  1.00  1.00    1.0000  T
  2P*   -466.919788   -466.917603  1.00  1.00    1.0000  T
  2P    -431.523178   -431.520585  2.00  2.00    1.0000  T
  3S    -106.939719   -106.895496  1.00  1.00    1.0000  T
  3P*    -95.475455    -95.434740  1.00  1.00    1.0000  T
  3P     -88.470282    -88.424910  2.00  2.00    1.0000  T
  3D*    -68.391526    -68.356854  2.00  2.00    1.0000  T
  3D     -66.880676    -66.844792  3.00  3.00    1.0000  T
  4S     -21.655261    -21.541183  1.00  1.00    1.0000  T
  4P*    -17.361942    -17.247810  1.00  1.00    1.0000  T
  4P     -15.834490    -15.720255  2.00  2.00    1.0000  T
  4D*     -8.766986     -8.653007  2.00  2.00    0.9999  T
  4D      -8.497493     -8.383588  3.00  3.00    0.9998  T
  5S      -3.133362     -3.047345  1.00  1.00    0.9377  F
  5P*     -1.949743     -1.870655  1.00  1.00    0.8663  F
  5P      -1.725098     -1.649138  2.00  2.00    0.8288  F
  4F*     -0.522249     -0.416202  2.00  0.00    0.9616  F
  4F      -0.493311     -0.387589  0.00  0.00    0.0000  F
  5D*     -0.257537     -0.207275  1.00  0.00    0.3926  F
  6S      -0.300172     -0.273162  1.00  1.00    0.0602  F
>   inputfiles prepared	(13:16:50)  
 inputfiles prepared 
 next is kgen 
  NUMBER OF K-POINTS IN WHOLE CELL: (0 allows to specify 3 divisions of G)
 length of reciprocal lattice vectors:   1.016   1.016   0.520  16.965  16.965   8.686
  Shift of k-mesh allowed. Do you want to shift: (0=no, 1=shift)
         288  k-points generated, ndiv=          16          16           8
 next is dstart 
>   dstart  -p > & .mist	(13:16:50) running dstart in single mode
 C  T F
DSTART ENDS
0.266u 0.018s 0:00.28 96.4%	0+0k 0+1088io 0pf+0w

-----> new case.in0 generated
  init_lapw finished ok  
