 next is setrmt 
 next is nn 
 specify nn-bondlength factor: (usually=2) [and optionally dlimit, dstmax (about
  1.d-5, 20)]
 DSTMAX:   22.0000004768372     
 iix,iiy,iiz           5           5           5   36.6783300000000     
   36.6783300000000        36.6783300000000     

    ATOM  1  Pr         ATOM  1  Pr        
 RMT(  1)=2.50000 AND RMT(  1)=2.50000
 SUMS TO 5.00000  LT.  NN-DIST= 5.18710
0.001u 0.001s 0:00.00 0.0%	0+0k 0+40io 0pf+0w
 next is sgroup 
>   sgroup	(15:58:27) 0.000u 0.000s 0:00.00 0.0%	0+0k 0+8io 0pf+0w
  Names of point group: m-3m   4/m -3 2/m   Oh
Number and name of space group: 225 (F m -3 m)
 next is symmetry 
>   symmetry	(15:58:27)  SPACE GROUP CONTAINS INVERSION
0.002u 0.000s 0:00.00 0.0%	0+0k 0+64io 0pf+0w
 next is lstart 
 1 Atoms found:  with labels Pr   
generate atomic configuration for atom 1 : Pr
  SELECT XCPOT:
  recommended: PBE    [(13) GGA of Perdew-Burke-Ernzerhof 96]
               LDA    [( 5)]
               WC     [(11)  GGA of Wu-Cohen 2006]
               PBESOL [(19) GGA of Perdew etal. 2008]
  SELECT ENERGY to separate core and valence states:
  recommended: -6.0 Ry (check how much core charge leaks out of MT-sphere)
  ALTERNATIVELY: specify charge localization
  (between 0.97 and 1.0) to select core state

Atomic configuration for atom: Pr    Z=  59.00
          E-up(Ry)      E-dn(Ry)   Occupancy   q/sphere  core-state
  1S   -3068.055465  -3068.055505  1.00  1.00    1.0000  T
  2S    -493.822656   -493.819391  1.00  1.00    1.0000  T
  2P*   -466.919786   -466.917600  1.00  1.00    1.0000  T
  2P    -431.523174   -431.520582  2.00  2.00    1.0000  T
  3S    -106.939720   -106.895497  1.00  1.00    1.0000  T
  3P*    -95.475456    -95.434741  1.00  1.00    1.0000  T
  3P     -88.470282    -88.424911  2.00  2.00    1.0000  T
  3D*    -68.391526    -68.356853  2.00  2.00    1.0000  T
  3D     -66.880675    -66.844791  3.00  3.00    1.0000  T
  4S     -21.655261    -21.541183  1.00  1.00    1.0000  T
  4P*    -17.361942    -17.247810  1.00  1.00    1.0000  T
  4P     -15.834490    -15.720256  2.00  2.00    1.0000  T
  4D*     -8.766986     -8.653007  2.00  2.00    1.0000  T
  4D      -8.497493     -8.383588  3.00  3.00    0.9999  T
  5S      -3.133362     -3.047345  1.00  1.00    0.9651  F
  5P*     -1.949743     -1.870655  1.00  1.00    0.9140  F
  5P      -1.725098     -1.649138  2.00  2.00    0.8858  F
  4F*     -0.522249     -0.416202  2.00  0.00    0.9732  F
  4F      -0.493311     -0.387589  0.00  0.00    0.0000  F
  5D*     -0.257537     -0.207275  1.00  0.00    0.4694  F
  6S      -0.300172     -0.273162  1.00  1.00    0.0827  F
 atom 1 has a large sphere and is a heavy element, consider setting HDLOs and/or larger LVNS 
>   inputfiles prepared	(15:58:27)  
 inputfiles prepared 
 next is kgen 
  NUMBER OF K-POINTS IN WHOLE CELL: (0 allows to specify 3 divisions of G)
 length of reciprocal lattice vectors:   1.484   1.484   1.484  17.100  17.100  17.100
         165  k-points generated, ndiv=          17          17          17
 next is dstart 
>   dstart  -p > & .mist	(15:58:27) running dstart in single mode
 C  T F
DSTART ENDS
0.487u 0.013s 0:00.50 98.0%	0+0k 0+232io 0pf+0w

-----> new case.in0 generated
  init_lapw finished ok  
 next is setrmt 
 next is nn 
 specify nn-bondlength factor: (usually=2) [and optionally dlimit, dstmax (about
  1.d-5, 20)]
 DSTMAX:   22.0000004768372     
 iix,iiy,iiz           5           5           5   38.1470000000000     
   38.1470000000000        38.1470000000000     

    ATOM  1  Pr         ATOM  1  Pr        
 RMT(  1)=2.50000 AND RMT(  1)=2.50000
 SUMS TO 5.00000  LT.  NN-DIST= 5.39480
0.000u 0.004s 0:00.00 0.0%	0+0k 0+40io 0pf+0w
 next is sgroup 
>   sgroup	(15:58:28) 0.000u 0.000s 0:00.00 0.0%	0+0k 0+8io 0pf+0w
  Names of point group: m-3m   4/m -3 2/m   Oh
Number and name of space group: 225 (F m -3 m)
 next is symmetry 
>   symmetry	(15:58:28)  SPACE GROUP CONTAINS INVERSION
0.003u 0.002s 0:00.00 0.0%	0+0k 0+64io 0pf+0w
 next is lstart 
 1 Atoms found:  with labels Pr   
generate atomic configuration for atom 1 : Pr
  SELECT XCPOT:
  recommended: PBE    [(13) GGA of Perdew-Burke-Ernzerhof 96]
               LDA    [( 5)]
               WC     [(11)  GGA of Wu-Cohen 2006]
               PBESOL [(19) GGA of Perdew etal. 2008]
  SELECT ENERGY to separate core and valence states:
  recommended: -6.0 Ry (check how much core charge leaks out of MT-sphere)
  ALTERNATIVELY: specify charge localization
  (between 0.97 and 1.0) to select core state

Atomic configuration for atom: Pr    Z=  59.00
          E-up(Ry)      E-dn(Ry)   Occupancy   q/sphere  core-state
  1S   -3068.055465  -3068.055505  1.00  1.00    1.0000  T
  2S    -493.822656   -493.819391  1.00  1.00    1.0000  T
  2P*   -466.919786   -466.917600  1.00  1.00    1.0000  T
  2P    -431.523174   -431.520582  2.00  2.00    1.0000  T
  3S    -106.939720   -106.895497  1.00  1.00    1.0000  T
  3P*    -95.475456    -95.434741  1.00  1.00    1.0000  T
  3P     -88.470282    -88.424911  2.00  2.00    1.0000  T
  3D*    -68.391526    -68.356853  2.00  2.00    1.0000  T
  3D     -66.880675    -66.844791  3.00  3.00    1.0000  T
  4S     -21.655261    -21.541183  1.00  1.00    1.0000  T
  4P*    -17.361942    -17.247810  1.00  1.00    1.0000  T
  4P     -15.834490    -15.720256  2.00  2.00    1.0000  T
  4D*     -8.766986     -8.653007  2.00  2.00    1.0000  T
  4D      -8.497493     -8.383588  3.00  3.00    0.9999  T
  5S      -3.133362     -3.047345  1.00  1.00    0.9651  F
  5P*     -1.949743     -1.870655  1.00  1.00    0.9140  F
  5P      -1.725098     -1.649138  2.00  2.00    0.8858  F
  4F*     -0.522249     -0.416202  2.00  0.00    0.9732  F
  4F      -0.493311     -0.387589  0.00  0.00    0.0000  F
  5D*     -0.257537     -0.207275  1.00  0.00    0.4694  F
  6S      -0.300172     -0.273162  1.00  1.00    0.0827  F
 atom 1 has a large sphere and is a heavy element, consider setting HDLOs and/or larger LVNS 
>   inputfiles prepared	(15:58:28)  
 inputfiles prepared 
 next is kgen 
  NUMBER OF K-POINTS IN WHOLE CELL: (0 allows to specify 3 divisions of G)
 length of reciprocal lattice vectors:   1.426   1.426   1.426  17.100  17.100  17.100
         165  k-points generated, ndiv=          17          17          17
 next is dstart 
>   dstart  -p > & .mist	(15:58:28) running dstart in single mode
 C  T F
DSTART ENDS
0.394u 0.014s 0:00.40 100.0%	0+0k 0+232io 0pf+0w

-----> new case.in0 generated
  init_lapw finished ok  
 next is setrmt 
 next is nn 
 specify nn-bondlength factor: (usually=2) [and optionally dlimit, dstmax (about
  1.d-5, 20)]
 DSTMAX:   22.0000004768372     
 iix,iiy,iiz           5           5           5   39.5105350000000     
   39.5105350000000        39.5105350000000     

    ATOM  1  Pr         ATOM  1  Pr        
 RMT(  1)=2.50000 AND RMT(  1)=2.50000
 SUMS TO 5.00000  LT.  NN-DIST= 5.58763
0.002u 0.003s 0:00.00 0.0%	0+0k 0+40io 0pf+0w
 next is sgroup 
>   sgroup	(15:58:28) 0.000u 0.000s 0:00.00 0.0%	0+0k 0+8io 0pf+0w
  Names of point group: m-3m   4/m -3 2/m   Oh
Number and name of space group: 225 (F m -3 m)
 next is symmetry 
>   symmetry	(15:58:28)  SPACE GROUP CONTAINS INVERSION
0.002u 0.003s 0:00.00 0.0%	0+0k 0+64io 0pf+0w
 next is lstart 
 1 Atoms found:  with labels Pr   
generate atomic configuration for atom 1 : Pr
  SELECT XCPOT:
  recommended: PBE    [(13) GGA of Perdew-Burke-Ernzerhof 96]
               LDA    [( 5)]
               WC     [(11)  GGA of Wu-Cohen 2006]
               PBESOL [(19) GGA of Perdew etal. 2008]
  SELECT ENERGY to separate core and valence states:
  recommended: -6.0 Ry (check how much core charge leaks out of MT-sphere)
  ALTERNATIVELY: specify charge localization
  (between 0.97 and 1.0) to select core state

Atomic configuration for atom: Pr    Z=  59.00
          E-up(Ry)      E-dn(Ry)   Occupancy   q/sphere  core-state
  1S   -3068.055465  -3068.055505  1.00  1.00    1.0000  T
  2S    -493.822656   -493.819391  1.00  1.00    1.0000  T
  2P*   -466.919786   -466.917600  1.00  1.00    1.0000  T
  2P    -431.523174   -431.520582  2.00  2.00    1.0000  T
  3S    -106.939720   -106.895497  1.00  1.00    1.0000  T
  3P*    -95.475456    -95.434741  1.00  1.00    1.0000  T
  3P     -88.470282    -88.424911  2.00  2.00    1.0000  T
  3D*    -68.391526    -68.356853  2.00  2.00    1.0000  T
  3D     -66.880675    -66.844791  3.00  3.00    1.0000  T
  4S     -21.655261    -21.541183  1.00  1.00    1.0000  T
  4P*    -17.361942    -17.247810  1.00  1.00    1.0000  T
  4P     -15.834490    -15.720256  2.00  2.00    1.0000  T
  4D*     -8.766986     -8.653007  2.00  2.00    1.0000  T
  4D      -8.497493     -8.383588  3.00  3.00    0.9999  T
  5S      -3.133362     -3.047345  1.00  1.00    0.9651  F
  5P*     -1.949743     -1.870655  1.00  1.00    0.9140  F
  5P      -1.725098     -1.649138  2.00  2.00    0.8858  F
  4F*     -0.522249     -0.416202  2.00  0.00    0.9732  F
  4F      -0.493311     -0.387589  0.00  0.00    0.0000  F
  5D*     -0.257537     -0.207275  1.00  0.00    0.4694  F
  6S      -0.300172     -0.273162  1.00  1.00    0.0827  F
 atom 1 has a large sphere and is a heavy element, consider setting HDLOs and/or larger LVNS 
>   inputfiles prepared	(15:58:29)  
 inputfiles prepared 
 next is kgen 
  NUMBER OF K-POINTS IN WHOLE CELL: (0 allows to specify 3 divisions of G)
 length of reciprocal lattice vectors:   1.377   1.377   1.377  17.100  17.100  17.100
         165  k-points generated, ndiv=          17          17          17
 next is dstart 
>   dstart  -p > & .mist	(15:58:29) running dstart in single mode
 C  T F
DSTART ENDS
0.394u 0.015s 0:00.41 97.5%	0+0k 8+240io 0pf+0w

-----> new case.in0 generated
  init_lapw finished ok  
 next is setrmt 
 next is nn 
 specify nn-bondlength factor: (usually=2) [and optionally dlimit, dstmax (about
  1.d-5, 20)]
 DSTMAX:   22.0000004768372     
 iix,iiy,iiz           5           5           5   40.7859400000000     
   40.7859400000000        40.7859400000000     

    ATOM  1  Pr         ATOM  1  Pr        
 RMT(  1)=2.50000 AND RMT(  1)=2.50000
 SUMS TO 5.00000  LT.  NN-DIST= 5.76800
0.001u 0.002s 0:00.00 0.0%	0+0k 0+40io 0pf+0w
 next is sgroup 
>   sgroup	(15:58:29) 0.001u 0.000s 0:00.00 0.0%	0+0k 0+8io 0pf+0w
  Names of point group: m-3m   4/m -3 2/m   Oh
Number and name of space group: 225 (F m -3 m)
 next is symmetry 
>   symmetry	(15:58:29)  SPACE GROUP CONTAINS INVERSION
0.000u 0.004s 0:00.00 0.0%	0+0k 0+64io 0pf+0w
 next is lstart 
 1 Atoms found:  with labels Pr   
generate atomic configuration for atom 1 : Pr
  SELECT XCPOT:
  recommended: PBE    [(13) GGA of Perdew-Burke-Ernzerhof 96]
               LDA    [( 5)]
               WC     [(11)  GGA of Wu-Cohen 2006]
               PBESOL [(19) GGA of Perdew etal. 2008]
  SELECT ENERGY to separate core and valence states:
  recommended: -6.0 Ry (check how much core charge leaks out of MT-sphere)
  ALTERNATIVELY: specify charge localization
  (between 0.97 and 1.0) to select core state

Atomic configuration for atom: Pr    Z=  59.00
          E-up(Ry)      E-dn(Ry)   Occupancy   q/sphere  core-state
  1S   -3068.055465  -3068.055505  1.00  1.00    1.0000  T
  2S    -493.822656   -493.819391  1.00  1.00    1.0000  T
  2P*   -466.919786   -466.917600  1.00  1.00    1.0000  T
  2P    -431.523174   -431.520582  2.00  2.00    1.0000  T
  3S    -106.939720   -106.895497  1.00  1.00    1.0000  T
  3P*    -95.475456    -95.434741  1.00  1.00    1.0000  T
  3P     -88.470282    -88.424911  2.00  2.00    1.0000  T
  3D*    -68.391526    -68.356853  2.00  2.00    1.0000  T
  3D     -66.880675    -66.844791  3.00  3.00    1.0000  T
  4S     -21.655261    -21.541183  1.00  1.00    1.0000  T
  4P*    -17.361942    -17.247810  1.00  1.00    1.0000  T
  4P     -15.834490    -15.720256  2.00  2.00    1.0000  T
  4D*     -8.766986     -8.653007  2.00  2.00    1.0000  T
  4D      -8.497493     -8.383588  3.00  3.00    0.9999  T
  5S      -3.133362     -3.047345  1.00  1.00    0.9651  F
  5P*     -1.949743     -1.870655  1.00  1.00    0.9140  F
  5P      -1.725098     -1.649138  2.00  2.00    0.8858  F
  4F*     -0.522249     -0.416202  2.00  0.00    0.9732  F
  4F      -0.493311     -0.387589  0.00  0.00    0.0000  F
  5D*     -0.257537     -0.207275  1.00  0.00    0.4694  F
  6S      -0.300172     -0.273162  1.00  1.00    0.0827  F
 atom 1 has a large sphere and is a heavy element, consider setting HDLOs and/or larger LVNS 
>   inputfiles prepared	(15:58:30)  
 inputfiles prepared 
 next is kgen 
  NUMBER OF K-POINTS IN WHOLE CELL: (0 allows to specify 3 divisions of G)
 length of reciprocal lattice vectors:   1.334   1.334   1.334  17.100  17.100  17.100
         165  k-points generated, ndiv=          17          17          17
 next is dstart 
>   dstart  -p > & .mist	(15:58:30) running dstart in single mode
 C  T F
DSTART ENDS
0.379u 0.016s 0:00.39 97.4%	0+0k 0+240io 0pf+0w

-----> new case.in0 generated
  init_lapw finished ok  
 next is setrmt 
 next is nn 
 specify nn-bondlength factor: (usually=2) [and optionally dlimit, dstmax (about
  1.d-5, 20)]
 DSTMAX:   22.0000004768372     
 iix,iiy,iiz           5           5           5   41.9862100000000     
   41.9862100000000        41.9862100000000     

    ATOM  1  Pr         ATOM  1  Pr        
 RMT(  1)=2.50000 AND RMT(  1)=2.50000
 SUMS TO 5.00000  LT.  NN-DIST= 5.93775
0.001u 0.001s 0:00.00 0.0%	0+0k 24+40io 0pf+0w
 next is sgroup 
>   sgroup	(15:58:30) 0.000u 0.001s 0:00.00 0.0%	0+0k 0+8io 0pf+0w
  Names of point group: m-3m   4/m -3 2/m   Oh
Number and name of space group: 225 (F m -3 m)
 next is symmetry 
>   symmetry	(15:58:30)  SPACE GROUP CONTAINS INVERSION
0.000u 0.002s 0:00.00 0.0%	0+0k 0+64io 0pf+0w
 next is lstart 
 1 Atoms found:  with labels Pr   
generate atomic configuration for atom 1 : Pr
  SELECT XCPOT:
  recommended: PBE    [(13) GGA of Perdew-Burke-Ernzerhof 96]
               LDA    [( 5)]
               WC     [(11)  GGA of Wu-Cohen 2006]
               PBESOL [(19) GGA of Perdew etal. 2008]
  SELECT ENERGY to separate core and valence states:
  recommended: -6.0 Ry (check how much core charge leaks out of MT-sphere)
  ALTERNATIVELY: specify charge localization
  (between 0.97 and 1.0) to select core state

Atomic configuration for atom: Pr    Z=  59.00
          E-up(Ry)      E-dn(Ry)   Occupancy   q/sphere  core-state
  1S   -3068.055465  -3068.055505  1.00  1.00    1.0000  T
  2S    -493.822656   -493.819391  1.00  1.00    1.0000  T
  2P*   -466.919786   -466.917600  1.00  1.00    1.0000  T
  2P    -431.523174   -431.520582  2.00  2.00    1.0000  T
  3S    -106.939720   -106.895497  1.00  1.00    1.0000  T
  3P*    -95.475456    -95.434741  1.00  1.00    1.0000  T
  3P     -88.470282    -88.424911  2.00  2.00    1.0000  T
  3D*    -68.391526    -68.356853  2.00  2.00    1.0000  T
  3D     -66.880675    -66.844791  3.00  3.00    1.0000  T
  4S     -21.655261    -21.541183  1.00  1.00    1.0000  T
  4P*    -17.361942    -17.247810  1.00  1.00    1.0000  T
  4P     -15.834490    -15.720256  2.00  2.00    1.0000  T
  4D*     -8.766986     -8.653007  2.00  2.00    1.0000  T
  4D      -8.497493     -8.383588  3.00  3.00    0.9999  T
  5S      -3.133362     -3.047345  1.00  1.00    0.9651  F
  5P*     -1.949743     -1.870655  1.00  1.00    0.9140  F
  5P      -1.725098     -1.649138  2.00  2.00    0.8858  F
  4F*     -0.522249     -0.416202  2.00  0.00    0.9732  F
  4F      -0.493311     -0.387589  0.00  0.00    0.0000  F
  5D*     -0.257537     -0.207275  1.00  0.00    0.4694  F
  6S      -0.300172     -0.273162  1.00  1.00    0.0827  F
 atom 1 has a large sphere and is a heavy element, consider setting HDLOs and/or larger LVNS 
>   inputfiles prepared	(15:58:30)  
 inputfiles prepared 
 next is kgen 
  NUMBER OF K-POINTS IN WHOLE CELL: (0 allows to specify 3 divisions of G)
 length of reciprocal lattice vectors:   1.296   1.296   1.296  17.100  17.100  17.100
         165  k-points generated, ndiv=          17          17          17
 next is dstart 
>   dstart  -p > & .mist	(15:58:31) running dstart in single mode
 C  T F
DSTART ENDS
0.385u 0.012s 0:00.39 100.0%	0+0k 32+240io 0pf+0w

-----> new case.in0 generated
  init_lapw finished ok  
 next is setrmt 
 next is nn 
 specify nn-bondlength factor: (usually=2) [and optionally dlimit, dstmax (about
  1.d-5, 20)]
 DSTMAX:   22.0000004768372     
 iix,iiy,iiz           5           5           5   43.1215150000000     
   43.1215150000000        43.1215150000000     

    ATOM  1  Pr         ATOM  1  Pr        
 RMT(  1)=2.50000 AND RMT(  1)=2.50000
 SUMS TO 5.00000  LT.  NN-DIST= 6.09830
0.001u 0.003s 0:00.00 0.0%	0+0k 8+48io 0pf+0w
 next is sgroup 
>   sgroup	(15:58:31) 0.000u 0.000s 0:00.00 0.0%	0+0k 0+8io 0pf+0w
  Names of point group: m-3m   4/m -3 2/m   Oh
Number and name of space group: 225 (F m -3 m)
 next is symmetry 
>   symmetry	(15:58:31)  SPACE GROUP CONTAINS INVERSION
0.003u 0.001s 0:00.00 0.0%	0+0k 0+64io 0pf+0w
 next is lstart 
 1 Atoms found:  with labels Pr   
generate atomic configuration for atom 1 : Pr
  SELECT XCPOT:
  recommended: PBE    [(13) GGA of Perdew-Burke-Ernzerhof 96]
               LDA    [( 5)]
               WC     [(11)  GGA of Wu-Cohen 2006]
               PBESOL [(19) GGA of Perdew etal. 2008]
  SELECT ENERGY to separate core and valence states:
  recommended: -6.0 Ry (check how much core charge leaks out of MT-sphere)
  ALTERNATIVELY: specify charge localization
  (between 0.97 and 1.0) to select core state

Atomic configuration for atom: Pr    Z=  59.00
          E-up(Ry)      E-dn(Ry)   Occupancy   q/sphere  core-state
  1S   -3068.055465  -3068.055505  1.00  1.00    1.0000  T
  2S    -493.822656   -493.819391  1.00  1.00    1.0000  T
  2P*   -466.919786   -466.917600  1.00  1.00    1.0000  T
  2P    -431.523174   -431.520582  2.00  2.00    1.0000  T
  3S    -106.939720   -106.895497  1.00  1.00    1.0000  T
  3P*    -95.475456    -95.434741  1.00  1.00    1.0000  T
  3P     -88.470282    -88.424911  2.00  2.00    1.0000  T
  3D*    -68.391526    -68.356853  2.00  2.00    1.0000  T
  3D     -66.880675    -66.844791  3.00  3.00    1.0000  T
  4S     -21.655261    -21.541183  1.00  1.00    1.0000  T
  4P*    -17.361942    -17.247810  1.00  1.00    1.0000  T
  4P     -15.834490    -15.720256  2.00  2.00    1.0000  T
  4D*     -8.766986     -8.653007  2.00  2.00    1.0000  T
  4D      -8.497493     -8.383588  3.00  3.00    0.9999  T
  5S      -3.133362     -3.047345  1.00  1.00    0.9651  F
  5P*     -1.949743     -1.870655  1.00  1.00    0.9140  F
  5P      -1.725098     -1.649138  2.00  2.00    0.8858  F
  4F*     -0.522249     -0.416202  2.00  0.00    0.9732  F
  4F      -0.493311     -0.387589  0.00  0.00    0.0000  F
  5D*     -0.257537     -0.207275  1.00  0.00    0.4694  F
  6S      -0.300172     -0.273162  1.00  1.00    0.0827  F
 atom 1 has a large sphere and is a heavy element, consider setting HDLOs and/or larger LVNS 
>   inputfiles prepared	(15:58:31)  
 inputfiles prepared 
 next is kgen 
  NUMBER OF K-POINTS IN WHOLE CELL: (0 allows to specify 3 divisions of G)
 length of reciprocal lattice vectors:   1.262   1.262   1.262  17.100  17.100  17.100
         165  k-points generated, ndiv=          17          17          17
 next is dstart 
>   dstart  -p > & .mist	(15:58:31) running dstart in single mode
 C  T F
DSTART ENDS
0.262u 0.012s 0:00.27 100.0%	0+0k 16+240io 0pf+0w

-----> new case.in0 generated
  init_lapw finished ok  
 next is setrmt 
 next is nn 
 specify nn-bondlength factor: (usually=2) [and optionally dlimit, dstmax (about
  1.d-5, 20)]
 DSTMAX:   22.0000004768372     
 iix,iiy,iiz           5           5           5   44.2000000000000     
   44.2000000000000        44.2000000000000     

    ATOM  1  Pr         ATOM  1  Pr        
 RMT(  1)=2.50000 AND RMT(  1)=2.50000
 SUMS TO 5.00000  LT.  NN-DIST= 6.25082
0.003u 0.000s 0:00.00 0.0%	0+0k 0+40io 0pf+0w
 next is sgroup 
>   sgroup	(15:58:32) 0.000u 0.001s 0:00.00 0.0%	0+0k 0+8io 0pf+0w
  Names of point group: m-3m   4/m -3 2/m   Oh
Number and name of space group: 225 (F m -3 m)
 next is symmetry 
>   symmetry	(15:58:32)  SPACE GROUP CONTAINS INVERSION
0.000u 0.002s 0:00.00 0.0%	0+0k 0+64io 0pf+0w
 next is lstart 
 1 Atoms found:  with labels Pr   
generate atomic configuration for atom 1 : Pr
  SELECT XCPOT:
  recommended: PBE    [(13) GGA of Perdew-Burke-Ernzerhof 96]
               LDA    [( 5)]
               WC     [(11)  GGA of Wu-Cohen 2006]
               PBESOL [(19) GGA of Perdew etal. 2008]
  SELECT ENERGY to separate core and valence states:
  recommended: -6.0 Ry (check how much core charge leaks out of MT-sphere)
  ALTERNATIVELY: specify charge localization
  (between 0.97 and 1.0) to select core state

Atomic configuration for atom: Pr    Z=  59.00
          E-up(Ry)      E-dn(Ry)   Occupancy   q/sphere  core-state
  1S   -3068.055465  -3068.055505  1.00  1.00    1.0000  T
  2S    -493.822656   -493.819391  1.00  1.00    1.0000  T
  2P*   -466.919786   -466.917600  1.00  1.00    1.0000  T
  2P    -431.523174   -431.520582  2.00  2.00    1.0000  T
  3S    -106.939720   -106.895497  1.00  1.00    1.0000  T
  3P*    -95.475456    -95.434741  1.00  1.00    1.0000  T
  3P     -88.470282    -88.424911  2.00  2.00    1.0000  T
  3D*    -68.391526    -68.356853  2.00  2.00    1.0000  T
  3D     -66.880675    -66.844791  3.00  3.00    1.0000  T
  4S     -21.655261    -21.541183  1.00  1.00    1.0000  T
  4P*    -17.361942    -17.247810  1.00  1.00    1.0000  T
  4P     -15.834490    -15.720256  2.00  2.00    1.0000  T
  4D*     -8.766986     -8.653007  2.00  2.00    1.0000  T
  4D      -8.497493     -8.383588  3.00  3.00    0.9999  T
  5S      -3.133362     -3.047345  1.00  1.00    0.9651  F
  5P*     -1.949743     -1.870655  1.00  1.00    0.9140  F
  5P      -1.725098     -1.649138  2.00  2.00    0.8858  F
  4F*     -0.522249     -0.416202  2.00  0.00    0.9732  F
  4F      -0.493311     -0.387589  0.00  0.00    0.0000  F
  5D*     -0.257537     -0.207275  1.00  0.00    0.4694  F
  6S      -0.300172     -0.273162  1.00  1.00    0.0827  F
 atom 1 has a large sphere and is a heavy element, consider setting HDLOs and/or larger LVNS 
>   inputfiles prepared	(15:58:32)  
 inputfiles prepared 
 next is kgen 
  NUMBER OF K-POINTS IN WHOLE CELL: (0 allows to specify 3 divisions of G)
 length of reciprocal lattice vectors:   1.231   1.231   1.231  17.100  17.100  17.100
         165  k-points generated, ndiv=          17          17          17
 next is dstart 
>   dstart  -p > & .mist	(15:58:32) running dstart in single mode
 C  T F
DSTART ENDS
0.260u 0.016s 0:00.27 100.0%	0+0k 0+248io 0pf+0w

-----> new case.in0 generated
  init_lapw finished ok  
 next is setrmt 
 next is nn 
 specify nn-bondlength factor: (usually=2) [and optionally dlimit, dstmax (about
  1.d-5, 20)]
 DSTMAX:   22.0000004768372     
 iix,iiy,iiz           5           5           5   45.2282700000000     
   45.2282700000000        45.2282700000000     

    ATOM  1  Pr         ATOM  1  Pr        
 RMT(  1)=2.50000 AND RMT(  1)=2.50000
 SUMS TO 5.00000  LT.  NN-DIST= 6.39624
0.001u 0.001s 0:00.00 0.0%	0+0k 0+40io 0pf+0w
 next is sgroup 
>   sgroup	(15:58:33) 0.000u 0.001s 0:00.00 0.0%	0+0k 0+8io 0pf+0w
  Names of point group: m-3m   4/m -3 2/m   Oh
Number and name of space group: 225 (F m -3 m)
 next is symmetry 
>   symmetry	(15:58:33)  SPACE GROUP CONTAINS INVERSION
0.000u 0.002s 0:00.00 0.0%	0+0k 0+64io 0pf+0w
 next is lstart 
 1 Atoms found:  with labels Pr   
generate atomic configuration for atom 1 : Pr
  SELECT XCPOT:
  recommended: PBE    [(13) GGA of Perdew-Burke-Ernzerhof 96]
               LDA    [( 5)]
               WC     [(11)  GGA of Wu-Cohen 2006]
               PBESOL [(19) GGA of Perdew etal. 2008]
  SELECT ENERGY to separate core and valence states:
  recommended: -6.0 Ry (check how much core charge leaks out of MT-sphere)
  ALTERNATIVELY: specify charge localization
  (between 0.97 and 1.0) to select core state

Atomic configuration for atom: Pr    Z=  59.00
          E-up(Ry)      E-dn(Ry)   Occupancy   q/sphere  core-state
  1S   -3068.055465  -3068.055505  1.00  1.00    1.0000  T
  2S    -493.822656   -493.819391  1.00  1.00    1.0000  T
  2P*   -466.919786   -466.917600  1.00  1.00    1.0000  T
  2P    -431.523174   -431.520582  2.00  2.00    1.0000  T
  3S    -106.939720   -106.895497  1.00  1.00    1.0000  T
  3P*    -95.475456    -95.434741  1.00  1.00    1.0000  T
  3P     -88.470282    -88.424911  2.00  2.00    1.0000  T
  3D*    -68.391526    -68.356853  2.00  2.00    1.0000  T
  3D     -66.880675    -66.844791  3.00  3.00    1.0000  T
  4S     -21.655261    -21.541183  1.00  1.00    1.0000  T
  4P*    -17.361942    -17.247810  1.00  1.00    1.0000  T
  4P     -15.834490    -15.720256  2.00  2.00    1.0000  T
  4D*     -8.766986     -8.653007  2.00  2.00    1.0000  T
  4D      -8.497493     -8.383588  3.00  3.00    0.9999  T
  5S      -3.133362     -3.047345  1.00  1.00    0.9651  F
  5P*     -1.949743     -1.870655  1.00  1.00    0.9140  F
  5P      -1.725098     -1.649138  2.00  2.00    0.8858  F
  4F*     -0.522249     -0.416202  2.00  0.00    0.9732  F
  4F      -0.493311     -0.387589  0.00  0.00    0.0000  F
  5D*     -0.257537     -0.207275  1.00  0.00    0.4694  F
  6S      -0.300172     -0.273162  1.00  1.00    0.0827  F
 atom 1 has a large sphere and is a heavy element, consider setting HDLOs and/or larger LVNS 
>   inputfiles prepared	(15:58:33)  
 inputfiles prepared 
 next is kgen 
  NUMBER OF K-POINTS IN WHOLE CELL: (0 allows to specify 3 divisions of G)
 length of reciprocal lattice vectors:   1.203   1.203   1.203  17.100  17.100  17.100
         165  k-points generated, ndiv=          17          17          17
 next is dstart 
>   dstart  -p > & .mist	(15:58:33) running dstart in single mode
 C  T F
DSTART ENDS
0.259u 0.017s 0:00.27 96.2%	0+0k 8+248io 0pf+0w

-----> new case.in0 generated
  init_lapw finished ok  
 next is setrmt 
 next is nn 
 specify nn-bondlength factor: (usually=2) [and optionally dlimit, dstmax (about
  1.d-5, 20)]
 DSTMAX:   22.0000004768372     
 iix,iiy,iiz           5           5           5   46.2118000000000     
   46.2118000000000        46.2118000000000     

    ATOM  1  Pr         ATOM  1  Pr        
 RMT(  1)=2.50000 AND RMT(  1)=2.50000
 SUMS TO 5.00000  LT.  NN-DIST= 6.53534
0.000u 0.002s 0:00.00 0.0%	0+0k 0+40io 0pf+0w
 next is sgroup 
>   sgroup	(15:58:33) 0.000u 0.000s 0:00.00 0.0%	0+0k 0+8io 0pf+0w
  Names of point group: m-3m   4/m -3 2/m   Oh
Number and name of space group: 225 (F m -3 m)
 next is symmetry 
>   symmetry	(15:58:33)  SPACE GROUP CONTAINS INVERSION
0.002u 0.000s 0:00.00 0.0%	0+0k 0+64io 0pf+0w
 next is lstart 
 1 Atoms found:  with labels Pr   
generate atomic configuration for atom 1 : Pr
  SELECT XCPOT:
  recommended: PBE    [(13) GGA of Perdew-Burke-Ernzerhof 96]
               LDA    [( 5)]
               WC     [(11)  GGA of Wu-Cohen 2006]
               PBESOL [(19) GGA of Perdew etal. 2008]
  SELECT ENERGY to separate core and valence states:
  recommended: -6.0 Ry (check how much core charge leaks out of MT-sphere)
  ALTERNATIVELY: specify charge localization
  (between 0.97 and 1.0) to select core state

Atomic configuration for atom: Pr    Z=  59.00
          E-up(Ry)      E-dn(Ry)   Occupancy   q/sphere  core-state
  1S   -3068.055465  -3068.055505  1.00  1.00    1.0000  T
  2S    -493.822656   -493.819391  1.00  1.00    1.0000  T
  2P*   -466.919786   -466.917600  1.00  1.00    1.0000  T
  2P    -431.523174   -431.520582  2.00  2.00    1.0000  T
  3S    -106.939720   -106.895497  1.00  1.00    1.0000  T
  3P*    -95.475456    -95.434741  1.00  1.00    1.0000  T
  3P     -88.470282    -88.424911  2.00  2.00    1.0000  T
  3D*    -68.391526    -68.356853  2.00  2.00    1.0000  T
  3D     -66.880675    -66.844791  3.00  3.00    1.0000  T
  4S     -21.655261    -21.541183  1.00  1.00    1.0000  T
  4P*    -17.361942    -17.247810  1.00  1.00    1.0000  T
  4P     -15.834490    -15.720256  2.00  2.00    1.0000  T
  4D*     -8.766986     -8.653007  2.00  2.00    1.0000  T
  4D      -8.497493     -8.383588  3.00  3.00    0.9999  T
  5S      -3.133362     -3.047345  1.00  1.00    0.9651  F
  5P*     -1.949743     -1.870655  1.00  1.00    0.9140  F
  5P      -1.725098     -1.649138  2.00  2.00    0.8858  F
  4F*     -0.522249     -0.416202  2.00  0.00    0.9732  F
  4F      -0.493311     -0.387589  0.00  0.00    0.0000  F
  5D*     -0.257537     -0.207275  1.00  0.00    0.4694  F
  6S      -0.300172     -0.273162  1.00  1.00    0.0827  F
 atom 1 has a large sphere and is a heavy element, consider setting HDLOs and/or larger LVNS 
>   inputfiles prepared	(15:58:34)  
 inputfiles prepared 
 next is kgen 
  NUMBER OF K-POINTS IN WHOLE CELL: (0 allows to specify 3 divisions of G)
 length of reciprocal lattice vectors:   1.177   1.177   1.177  17.100  17.100  17.100
         165  k-points generated, ndiv=          17          17          17
 next is dstart 
>   dstart  -p > & .mist	(15:58:34) running dstart in single mode
 C  T F
DSTART ENDS
0.240u 0.017s 0:00.25 100.0%	0+0k 16+248io 0pf+0w

-----> new case.in0 generated
  init_lapw finished ok  
 next is setrmt 
 next is nn 
 specify nn-bondlength factor: (usually=2) [and optionally dlimit, dstmax (about
  1.d-5, 20)]
 DSTMAX:   22.0000004768372     
 iix,iiy,iiz           5           5           5   47.1551600000000     
   47.1551600000000        47.1551600000000     

    ATOM  1  Pr         ATOM  1  Pr        
 RMT(  1)=2.50000 AND RMT(  1)=2.50000
 SUMS TO 5.00000  LT.  NN-DIST= 6.66875
0.002u 0.002s 0:00.00 0.0%	0+0k 0+40io 0pf+0w
 next is sgroup 
>   sgroup	(15:58:34) 0.000u 0.001s 0:00.00 0.0%	0+0k 8+8io 0pf+0w
  Names of point group: m-3m   4/m -3 2/m   Oh
Number and name of space group: 225 (F m -3 m)
 next is symmetry 
>   symmetry	(15:58:34)  SPACE GROUP CONTAINS INVERSION
0.002u 0.001s 0:00.00 0.0%	0+0k 0+72io 0pf+0w
 next is lstart 
 1 Atoms found:  with labels Pr   
generate atomic configuration for atom 1 : Pr
  SELECT XCPOT:
  recommended: PBE    [(13) GGA of Perdew-Burke-Ernzerhof 96]
               LDA    [( 5)]
               WC     [(11)  GGA of Wu-Cohen 2006]
               PBESOL [(19) GGA of Perdew etal. 2008]
  SELECT ENERGY to separate core and valence states:
  recommended: -6.0 Ry (check how much core charge leaks out of MT-sphere)
  ALTERNATIVELY: specify charge localization
  (between 0.97 and 1.0) to select core state

Atomic configuration for atom: Pr    Z=  59.00
          E-up(Ry)      E-dn(Ry)   Occupancy   q/sphere  core-state
  1S   -3068.055465  -3068.055505  1.00  1.00    1.0000  T
  2S    -493.822656   -493.819391  1.00  1.00    1.0000  T
  2P*   -466.919786   -466.917600  1.00  1.00    1.0000  T
  2P    -431.523174   -431.520582  2.00  2.00    1.0000  T
  3S    -106.939720   -106.895497  1.00  1.00    1.0000  T
  3P*    -95.475456    -95.434741  1.00  1.00    1.0000  T
  3P     -88.470282    -88.424911  2.00  2.00    1.0000  T
  3D*    -68.391526    -68.356853  2.00  2.00    1.0000  T
  3D     -66.880675    -66.844791  3.00  3.00    1.0000  T
  4S     -21.655261    -21.541183  1.00  1.00    1.0000  T
  4P*    -17.361942    -17.247810  1.00  1.00    1.0000  T
  4P     -15.834490    -15.720256  2.00  2.00    1.0000  T
  4D*     -8.766986     -8.653007  2.00  2.00    1.0000  T
  4D      -8.497493     -8.383588  3.00  3.00    0.9999  T
  5S      -3.133362     -3.047345  1.00  1.00    0.9651  F
  5P*     -1.949743     -1.870655  1.00  1.00    0.9140  F
  5P      -1.725098     -1.649138  2.00  2.00    0.8858  F
  4F*     -0.522249     -0.416202  2.00  0.00    0.9732  F
  4F      -0.493311     -0.387589  0.00  0.00    0.0000  F
  5D*     -0.257537     -0.207275  1.00  0.00    0.4694  F
  6S      -0.300172     -0.273162  1.00  1.00    0.0827  F
 atom 1 has a large sphere and is a heavy element, consider setting HDLOs and/or larger LVNS 
>   inputfiles prepared	(15:58:34)  
 inputfiles prepared 
 next is kgen 
  NUMBER OF K-POINTS IN WHOLE CELL: (0 allows to specify 3 divisions of G)
 length of reciprocal lattice vectors:   1.154   1.154   1.154  17.100  17.100  17.100
         165  k-points generated, ndiv=          17          17          17
 next is dstart 
>   dstart  -p > & .mist	(15:58:35) running dstart in single mode
 C  T F
DSTART ENDS
0.244u 0.016s 0:00.26 96.1%	0+0k 16+248io 0pf+0w

-----> new case.in0 generated
  init_lapw finished ok  
 next is setrmt 
 next is nn 
 specify nn-bondlength factor: (usually=2) [and optionally dlimit, dstmax (about
  1.d-5, 20)]
 DSTMAX:   22.0000004768372     
 iix,iiy,iiz           5           5           5   48.0622100000000     
   48.0622100000000        48.0622100000000     

    ATOM  1  Pr         ATOM  1  Pr        
 RMT(  1)=2.50000 AND RMT(  1)=2.50000
 SUMS TO 5.00000  LT.  NN-DIST= 6.79702
0.000u 0.003s 0:00.00 0.0%	0+0k 0+48io 0pf+0w
 next is sgroup 
>   sgroup	(15:58:35) 0.000u 0.001s 0:00.00 0.0%	0+0k 0+8io 0pf+0w
  Names of point group: m-3m   4/m -3 2/m   Oh
Number and name of space group: 225 (F m -3 m)
 next is symmetry 
>   symmetry	(15:58:35)  SPACE GROUP CONTAINS INVERSION
0.001u 0.001s 0:00.00 0.0%	0+0k 0+64io 0pf+0w
 next is lstart 
 1 Atoms found:  with labels Pr   
generate atomic configuration for atom 1 : Pr
  SELECT XCPOT:
  recommended: PBE    [(13) GGA of Perdew-Burke-Ernzerhof 96]
               LDA    [( 5)]
               WC     [(11)  GGA of Wu-Cohen 2006]
               PBESOL [(19) GGA of Perdew etal. 2008]
  SELECT ENERGY to separate core and valence states:
  recommended: -6.0 Ry (check how much core charge leaks out of MT-sphere)
  ALTERNATIVELY: specify charge localization
  (between 0.97 and 1.0) to select core state

Atomic configuration for atom: Pr    Z=  59.00
          E-up(Ry)      E-dn(Ry)   Occupancy   q/sphere  core-state
  1S   -3068.055465  -3068.055505  1.00  1.00    1.0000  T
  2S    -493.822656   -493.819391  1.00  1.00    1.0000  T
  2P*   -466.919786   -466.917600  1.00  1.00    1.0000  T
  2P    -431.523174   -431.520582  2.00  2.00    1.0000  T
  3S    -106.939720   -106.895497  1.00  1.00    1.0000  T
  3P*    -95.475456    -95.434741  1.00  1.00    1.0000  T
  3P     -88.470282    -88.424911  2.00  2.00    1.0000  T
  3D*    -68.391526    -68.356853  2.00  2.00    1.0000  T
  3D     -66.880675    -66.844791  3.00  3.00    1.0000  T
  4S     -21.655261    -21.541183  1.00  1.00    1.0000  T
  4P*    -17.361942    -17.247810  1.00  1.00    1.0000  T
  4P     -15.834490    -15.720256  2.00  2.00    1.0000  T
  4D*     -8.766986     -8.653007  2.00  2.00    1.0000  T
  4D      -8.497493     -8.383588  3.00  3.00    0.9999  T
  5S      -3.133362     -3.047345  1.00  1.00    0.9651  F
  5P*     -1.949743     -1.870655  1.00  1.00    0.9140  F
  5P      -1.725098     -1.649138  2.00  2.00    0.8858  F
  4F*     -0.522249     -0.416202  2.00  0.00    0.9732  F
  4F      -0.493311     -0.387589  0.00  0.00    0.0000  F
  5D*     -0.257537     -0.207275  1.00  0.00    0.4694  F
  6S      -0.300172     -0.273162  1.00  1.00    0.0827  F
 atom 1 has a large sphere and is a heavy element, consider setting HDLOs and/or larger LVNS 
>   inputfiles prepared	(15:58:35)  
 inputfiles prepared 
 next is kgen 
  NUMBER OF K-POINTS IN WHOLE CELL: (0 allows to specify 3 divisions of G)
 length of reciprocal lattice vectors:   1.132   1.132   1.132  17.100  17.100  17.100
         165  k-points generated, ndiv=          17          17          17
 next is dstart 
>   dstart  -p > & .mist	(15:58:35) running dstart in single mode
 C  T F
DSTART ENDS
0.247u 0.013s 0:00.26 96.1%	0+0k 0+256io 0pf+0w

-----> new case.in0 generated
  init_lapw finished ok  
 next is setrmt 
 next is nn 
 specify nn-bondlength factor: (usually=2) [and optionally dlimit, dstmax (about
  1.d-5, 20)]
 DSTMAX:   22.0000004768372     
 iix,iiy,iiz           5           5           5   48.9362600000000     
   48.9362600000000        48.9362600000000     

    ATOM  1  Pr         ATOM  1  Pr        
 RMT(  1)=2.50000 AND RMT(  1)=2.50000
 SUMS TO 5.00000  LT.  NN-DIST= 6.92063
0.001u 0.001s 0:00.00 0.0%	0+0k 0+40io 0pf+0w
 next is sgroup 
>   sgroup	(15:58:36) 0.000u 0.001s 0:00.00 0.0%	0+0k 0+8io 0pf+0w
  Names of point group: m-3m   4/m -3 2/m   Oh
Number and name of space group: 225 (F m -3 m)
 next is symmetry 
>   symmetry	(15:58:36)  SPACE GROUP CONTAINS INVERSION
0.000u 0.002s 0:00.00 0.0%	0+0k 0+64io 0pf+0w
 next is lstart 
 1 Atoms found:  with labels Pr   
generate atomic configuration for atom 1 : Pr
  SELECT XCPOT:
  recommended: PBE    [(13) GGA of Perdew-Burke-Ernzerhof 96]
               LDA    [( 5)]
               WC     [(11)  GGA of Wu-Cohen 2006]
               PBESOL [(19) GGA of Perdew etal. 2008]
  SELECT ENERGY to separate core and valence states:
  recommended: -6.0 Ry (check how much core charge leaks out of MT-sphere)
  ALTERNATIVELY: specify charge localization
  (between 0.97 and 1.0) to select core state

Atomic configuration for atom: Pr    Z=  59.00
          E-up(Ry)      E-dn(Ry)   Occupancy   q/sphere  core-state
  1S   -3068.055465  -3068.055505  1.00  1.00    1.0000  T
  2S    -493.822656   -493.819391  1.00  1.00    1.0000  T
  2P*   -466.919786   -466.917600  1.00  1.00    1.0000  T
  2P    -431.523174   -431.520582  2.00  2.00    1.0000  T
  3S    -106.939720   -106.895497  1.00  1.00    1.0000  T
  3P*    -95.475456    -95.434741  1.00  1.00    1.0000  T
  3P     -88.470282    -88.424911  2.00  2.00    1.0000  T
  3D*    -68.391526    -68.356853  2.00  2.00    1.0000  T
  3D     -66.880675    -66.844791  3.00  3.00    1.0000  T
  4S     -21.655261    -21.541183  1.00  1.00    1.0000  T
  4P*    -17.361942    -17.247810  1.00  1.00    1.0000  T
  4P     -15.834490    -15.720256  2.00  2.00    1.0000  T
  4D*     -8.766986     -8.653007  2.00  2.00    1.0000  T
  4D      -8.497493     -8.383588  3.00  3.00    0.9999  T
  5S      -3.133362     -3.047345  1.00  1.00    0.9651  F
  5P*     -1.949743     -1.870655  1.00  1.00    0.9140  F
  5P      -1.725098     -1.649138  2.00  2.00    0.8858  F
  4F*     -0.522249     -0.416202  2.00  0.00    0.9732  F
  4F      -0.493311     -0.387589  0.00  0.00    0.0000  F
  5D*     -0.257537     -0.207275  1.00  0.00    0.4694  F
  6S      -0.300172     -0.273162  1.00  1.00    0.0827  F
 atom 1 has a large sphere and is a heavy element, consider setting HDLOs and/or larger LVNS 
>   inputfiles prepared	(15:58:36)  
 inputfiles prepared 
 next is kgen 
  NUMBER OF K-POINTS IN WHOLE CELL: (0 allows to specify 3 divisions of G)
 length of reciprocal lattice vectors:   1.112   1.112   1.112  17.100  17.100  17.100
         165  k-points generated, ndiv=          17          17          17
 next is dstart 
>   dstart  -p > & .mist	(15:58:36) running dstart in single mode
 C  T F
DSTART ENDS
0.247u 0.015s 0:00.26 96.1%	0+0k 32+256io 0pf+0w

-----> new case.in0 generated
  init_lapw finished ok  
 next is setrmt 
 next is nn 
 specify nn-bondlength factor: (usually=2) [and optionally dlimit, dstmax (about
  1.d-5, 20)]
 DSTMAX:   22.0000004768372     
 iix,iiy,iiz           5           5           5   49.7801550000000     
   49.7801550000000        49.7801550000000     

    ATOM  1  Pr         ATOM  1  Pr        
 RMT(  1)=2.50000 AND RMT(  1)=2.50000
 SUMS TO 5.00000  LT.  NN-DIST= 7.03998
0.001u 0.002s 0:00.00 0.0%	0+0k 0+40io 0pf+0w
 next is sgroup 
>   sgroup	(15:58:36) 0.000u 0.001s 0:00.00 0.0%	0+0k 0+8io 0pf+0w
  Names of point group: m-3m   4/m -3 2/m   Oh
Number and name of space group: 225 (F m -3 m)
 next is symmetry 
>   symmetry	(15:58:36)  SPACE GROUP CONTAINS INVERSION
0.002u 0.000s 0:00.00 0.0%	0+0k 0+64io 0pf+0w
 next is lstart 
 1 Atoms found:  with labels Pr   
generate atomic configuration for atom 1 : Pr
  SELECT XCPOT:
  recommended: PBE    [(13) GGA of Perdew-Burke-Ernzerhof 96]
               LDA    [( 5)]
               WC     [(11)  GGA of Wu-Cohen 2006]
               PBESOL [(19) GGA of Perdew etal. 2008]
  SELECT ENERGY to separate core and valence states:
  recommended: -6.0 Ry (check how much core charge leaks out of MT-sphere)
  ALTERNATIVELY: specify charge localization
  (between 0.97 and 1.0) to select core state

Atomic configuration for atom: Pr    Z=  59.00
          E-up(Ry)      E-dn(Ry)   Occupancy   q/sphere  core-state
  1S   -3068.055465  -3068.055505  1.00  1.00    1.0000  T
  2S    -493.822656   -493.819391  1.00  1.00    1.0000  T
  2P*   -466.919786   -466.917600  1.00  1.00    1.0000  T
  2P    -431.523174   -431.520582  2.00  2.00    1.0000  T
  3S    -106.939720   -106.895497  1.00  1.00    1.0000  T
  3P*    -95.475456    -95.434741  1.00  1.00    1.0000  T
  3P     -88.470282    -88.424911  2.00  2.00    1.0000  T
  3D*    -68.391526    -68.356853  2.00  2.00    1.0000  T
  3D     -66.880675    -66.844791  3.00  3.00    1.0000  T
  4S     -21.655261    -21.541183  1.00  1.00    1.0000  T
  4P*    -17.361942    -17.247810  1.00  1.00    1.0000  T
  4P     -15.834490    -15.720256  2.00  2.00    1.0000  T
  4D*     -8.766986     -8.653007  2.00  2.00    1.0000  T
  4D      -8.497493     -8.383588  3.00  3.00    0.9999  T
  5S      -3.133362     -3.047345  1.00  1.00    0.9651  F
  5P*     -1.949743     -1.870655  1.00  1.00    0.9140  F
  5P      -1.725098     -1.649138  2.00  2.00    0.8858  F
  4F*     -0.522249     -0.416202  2.00  0.00    0.9732  F
  4F      -0.493311     -0.387589  0.00  0.00    0.0000  F
  5D*     -0.257537     -0.207275  1.00  0.00    0.4694  F
  6S      -0.300172     -0.273162  1.00  1.00    0.0827  F
 atom 1 has a large sphere and is a heavy element, consider setting HDLOs and/or larger LVNS 
>   inputfiles prepared	(15:58:37)  
 inputfiles prepared 
 next is kgen 
  NUMBER OF K-POINTS IN WHOLE CELL: (0 allows to specify 3 divisions of G)
 length of reciprocal lattice vectors:   1.093   1.093   1.093  17.100  17.100  17.100
         165  k-points generated, ndiv=          17          17          17
 next is dstart 
>   dstart  -p > & .mist	(15:58:37) running dstart in single mode
 C  T F
DSTART ENDS
0.248u 0.012s 0:00.26 96.1%	0+0k 0+256io 0pf+0w

-----> new case.in0 generated
  init_lapw finished ok  
 next is setrmt 
 next is nn 
 specify nn-bondlength factor: (usually=2) [and optionally dlimit, dstmax (about
  1.d-5, 20)]
 DSTMAX:   22.0000004768372     
 iix,iiy,iiz           5           5           5   50.5963700000000     
   50.5963700000000        50.5963700000000     

    ATOM  1  Pr         ATOM  1  Pr        
 RMT(  1)=2.50000 AND RMT(  1)=2.50000
 SUMS TO 5.00000  LT.  NN-DIST= 7.15541
0.002u 0.001s 0:00.00 0.0%	0+0k 0+40io 0pf+0w
 next is sgroup 
>   sgroup	(15:58:37) 0.000u 0.001s 0:00.00 0.0%	0+0k 0+8io 0pf+0w
  Names of point group: m-3m   4/m -3 2/m   Oh
Number and name of space group: 225 (F m -3 m)
 next is symmetry 
>   symmetry	(15:58:37)  SPACE GROUP CONTAINS INVERSION
0.000u 0.002s 0:00.00 0.0%	0+0k 0+64io 0pf+0w
 next is lstart 
 1 Atoms found:  with labels Pr   
generate atomic configuration for atom 1 : Pr
  SELECT XCPOT:
  recommended: PBE    [(13) GGA of Perdew-Burke-Ernzerhof 96]
               LDA    [( 5)]
               WC     [(11)  GGA of Wu-Cohen 2006]
               PBESOL [(19) GGA of Perdew etal. 2008]
  SELECT ENERGY to separate core and valence states:
  recommended: -6.0 Ry (check how much core charge leaks out of MT-sphere)
  ALTERNATIVELY: specify charge localization
  (between 0.97 and 1.0) to select core state

Atomic configuration for atom: Pr    Z=  59.00
          E-up(Ry)      E-dn(Ry)   Occupancy   q/sphere  core-state
  1S   -3068.055465  -3068.055505  1.00  1.00    1.0000  T
  2S    -493.822656   -493.819391  1.00  1.00    1.0000  T
  2P*   -466.919786   -466.917600  1.00  1.00    1.0000  T
  2P    -431.523174   -431.520582  2.00  2.00    1.0000  T
  3S    -106.939720   -106.895497  1.00  1.00    1.0000  T
  3P*    -95.475456    -95.434741  1.00  1.00    1.0000  T
  3P     -88.470282    -88.424911  2.00  2.00    1.0000  T
  3D*    -68.391526    -68.356853  2.00  2.00    1.0000  T
  3D     -66.880675    -66.844791  3.00  3.00    1.0000  T
  4S     -21.655261    -21.541183  1.00  1.00    1.0000  T
  4P*    -17.361942    -17.247810  1.00  1.00    1.0000  T
  4P     -15.834490    -15.720256  2.00  2.00    1.0000  T
  4D*     -8.766986     -8.653007  2.00  2.00    1.0000  T
  4D      -8.497493     -8.383588  3.00  3.00    0.9999  T
  5S      -3.133362     -3.047345  1.00  1.00    0.9651  F
  5P*     -1.949743     -1.870655  1.00  1.00    0.9140  F
  5P      -1.725098     -1.649138  2.00  2.00    0.8858  F
  4F*     -0.522249     -0.416202  2.00  0.00    0.9732  F
  4F      -0.493311     -0.387589  0.00  0.00    0.0000  F
  5D*     -0.257537     -0.207275  1.00  0.00    0.4694  F
  6S      -0.300172     -0.273162  1.00  1.00    0.0827  F
 atom 1 has a large sphere and is a heavy element, consider setting HDLOs and/or larger LVNS 
>   inputfiles prepared	(15:58:37)  
 inputfiles prepared 
 next is kgen 
  NUMBER OF K-POINTS IN WHOLE CELL: (0 allows to specify 3 divisions of G)
 length of reciprocal lattice vectors:   1.075   1.075   1.075  17.100  17.100  17.100
         165  k-points generated, ndiv=          17          17          17
 next is dstart 
>   dstart  -p > & .mist	(15:58:38) running dstart in single mode
 C  T F
DSTART ENDS
0.187u 0.016s 0:00.20 95.0%	0+0k 0+264io 0pf+0w

-----> new case.in0 generated
  init_lapw finished ok  
 next is setrmt 
 next is nn 
 specify nn-bondlength factor: (usually=2) [and optionally dlimit, dstmax (about
  1.d-5, 20)]
 DSTMAX:   22.0000004768372     
 iix,iiy,iiz           5           5           5   51.3870650000000     
   51.3870650000000        51.3870650000000     

    ATOM  1  Pr         ATOM  1  Pr        
 RMT(  1)=2.50000 AND RMT(  1)=2.50000
 SUMS TO 5.00000  LT.  NN-DIST= 7.26723
0.000u 0.003s 0:00.00 0.0%	0+0k 0+40io 0pf+0w
 next is sgroup 
>   sgroup	(15:58:38) 0.000u 0.001s 0:00.00 0.0%	0+0k 0+8io 0pf+0w
  Names of point group: m-3m   4/m -3 2/m   Oh
Number and name of space group: 225 (F m -3 m)
 next is symmetry 
>   symmetry	(15:58:38)  SPACE GROUP CONTAINS INVERSION
0.001u 0.001s 0:00.00 0.0%	0+0k 0+64io 0pf+0w
 next is lstart 
 1 Atoms found:  with labels Pr   
generate atomic configuration for atom 1 : Pr
  SELECT XCPOT:
  recommended: PBE    [(13) GGA of Perdew-Burke-Ernzerhof 96]
               LDA    [( 5)]
               WC     [(11)  GGA of Wu-Cohen 2006]
               PBESOL [(19) GGA of Perdew etal. 2008]
  SELECT ENERGY to separate core and valence states:
  recommended: -6.0 Ry (check how much core charge leaks out of MT-sphere)
  ALTERNATIVELY: specify charge localization
  (between 0.97 and 1.0) to select core state

Atomic configuration for atom: Pr    Z=  59.00
          E-up(Ry)      E-dn(Ry)   Occupancy   q/sphere  core-state
  1S   -3068.055465  -3068.055505  1.00  1.00    1.0000  T
  2S    -493.822656   -493.819391  1.00  1.00    1.0000  T
  2P*   -466.919786   -466.917600  1.00  1.00    1.0000  T
  2P    -431.523174   -431.520582  2.00  2.00    1.0000  T
  3S    -106.939720   -106.895497  1.00  1.00    1.0000  T
  3P*    -95.475456    -95.434741  1.00  1.00    1.0000  T
  3P     -88.470282    -88.424911  2.00  2.00    1.0000  T
  3D*    -68.391526    -68.356853  2.00  2.00    1.0000  T
  3D     -66.880675    -66.844791  3.00  3.00    1.0000  T
  4S     -21.655261    -21.541183  1.00  1.00    1.0000  T
  4P*    -17.361942    -17.247810  1.00  1.00    1.0000  T
  4P     -15.834490    -15.720256  2.00  2.00    1.0000  T
  4D*     -8.766986     -8.653007  2.00  2.00    1.0000  T
  4D      -8.497493     -8.383588  3.00  3.00    0.9999  T
  5S      -3.133362     -3.047345  1.00  1.00    0.9651  F
  5P*     -1.949743     -1.870655  1.00  1.00    0.9140  F
  5P      -1.725098     -1.649138  2.00  2.00    0.8858  F
  4F*     -0.522249     -0.416202  2.00  0.00    0.9732  F
  4F      -0.493311     -0.387589  0.00  0.00    0.0000  F
  5D*     -0.257537     -0.207275  1.00  0.00    0.4694  F
  6S      -0.300172     -0.273162  1.00  1.00    0.0827  F
 atom 1 has a large sphere and is a heavy element, consider setting HDLOs and/or larger LVNS 
>   inputfiles prepared	(15:58:38)  
 inputfiles prepared 
 next is kgen 
  NUMBER OF K-POINTS IN WHOLE CELL: (0 allows to specify 3 divisions of G)
 length of reciprocal lattice vectors:   1.059   1.059   1.059  17.100  17.100  17.100
         165  k-points generated, ndiv=          17          17          17
 next is dstart 
>   dstart  -p > & .mist	(15:58:38) running dstart in single mode
 C  T F
DSTART ENDS
0.189u 0.012s 0:00.20 95.0%	0+0k 0+264io 0pf+0w

-----> new case.in0 generated
  init_lapw finished ok  
 next is setrmt 
 next is nn 
 specify nn-bondlength factor: (usually=2) [and optionally dlimit, dstmax (about
  1.d-5, 20)]
 DSTMAX:   22.0000004768372     
 iix,iiy,iiz           5           5           5   52.1541500000000     
   52.1541500000000        52.1541500000000     

    ATOM  1  Pr         ATOM  1  Pr        
 RMT(  1)=2.50000 AND RMT(  1)=2.50000
 SUMS TO 5.00000  LT.  NN-DIST= 7.37571
0.000u 0.003s 0:00.00 0.0%	0+0k 0+40io 0pf+0w
 next is sgroup 
>   sgroup	(15:58:39) 0.001u 0.001s 0:00.00 0.0%	0+0k 0+8io 0pf+0w
  Names of point group: m-3m   4/m -3 2/m   Oh
Number and name of space group: 225 (F m -3 m)
 next is symmetry 
>   symmetry	(15:58:39)  SPACE GROUP CONTAINS INVERSION
0.002u 0.003s 0:00.00 0.0%	0+0k 0+64io 0pf+0w
 next is lstart 
 1 Atoms found:  with labels Pr   
generate atomic configuration for atom 1 : Pr
  SELECT XCPOT:
  recommended: PBE    [(13) GGA of Perdew-Burke-Ernzerhof 96]
               LDA    [( 5)]
               WC     [(11)  GGA of Wu-Cohen 2006]
               PBESOL [(19) GGA of Perdew etal. 2008]
  SELECT ENERGY to separate core and valence states:
  recommended: -6.0 Ry (check how much core charge leaks out of MT-sphere)
  ALTERNATIVELY: specify charge localization
  (between 0.97 and 1.0) to select core state

Atomic configuration for atom: Pr    Z=  59.00
          E-up(Ry)      E-dn(Ry)   Occupancy   q/sphere  core-state
  1S   -3068.055465  -3068.055505  1.00  1.00    1.0000  T
  2S    -493.822656   -493.819391  1.00  1.00    1.0000  T
  2P*   -466.919786   -466.917600  1.00  1.00    1.0000  T
  2P    -431.523174   -431.520582  2.00  2.00    1.0000  T
  3S    -106.939720   -106.895497  1.00  1.00    1.0000  T
  3P*    -95.475456    -95.434741  1.00  1.00    1.0000  T
  3P     -88.470282    -88.424911  2.00  2.00    1.0000  T
  3D*    -68.391526    -68.356853  2.00  2.00    1.0000  T
  3D     -66.880675    -66.844791  3.00  3.00    1.0000  T
  4S     -21.655261    -21.541183  1.00  1.00    1.0000  T
  4P*    -17.361942    -17.247810  1.00  1.00    1.0000  T
  4P     -15.834490    -15.720256  2.00  2.00    1.0000  T
  4D*     -8.766986     -8.653007  2.00  2.00    1.0000  T
  4D      -8.497493     -8.383588  3.00  3.00    0.9999  T
  5S      -3.133362     -3.047345  1.00  1.00    0.9651  F
  5P*     -1.949743     -1.870655  1.00  1.00    0.9140  F
  5P      -1.725098     -1.649138  2.00  2.00    0.8858  F
  4F*     -0.522249     -0.416202  2.00  0.00    0.9732  F
  4F      -0.493311     -0.387589  0.00  0.00    0.0000  F
  5D*     -0.257537     -0.207275  1.00  0.00    0.4694  F
  6S      -0.300172     -0.273162  1.00  1.00    0.0827  F
 atom 1 has a large sphere and is a heavy element, consider setting HDLOs and/or larger LVNS 
>   inputfiles prepared	(15:58:39)  
 inputfiles prepared 
 next is kgen 
  NUMBER OF K-POINTS IN WHOLE CELL: (0 allows to specify 3 divisions of G)
 length of reciprocal lattice vectors:   1.043   1.043   1.043  17.100  17.100  17.100
         165  k-points generated, ndiv=          17          17          17
 next is dstart 
>   dstart  -p > & .mist	(15:58:39) running dstart in single mode
 C  T F
DSTART ENDS
0.187u 0.019s 0:00.20 95.0%	0+0k 0+264io 0pf+0w

-----> new case.in0 generated
  init_lapw finished ok  
 next is setrmt 
 next is nn 
 specify nn-bondlength factor: (usually=2) [and optionally dlimit, dstmax (about
  1.d-5, 20)]
 DSTMAX:   22.0000004768372     
 iix,iiy,iiz           5           5           5   52.8993100000000     
   52.8993100000000        52.8993100000000     

    ATOM  1  Pr         ATOM  1  Pr        
 RMT(  1)=2.50000 AND RMT(  1)=2.50000
 SUMS TO 5.00000  LT.  NN-DIST= 7.48109
0.000u 0.003s 0:00.00 0.0%	0+0k 0+40io 0pf+0w
 next is sgroup 
>   sgroup	(15:58:39) 0.000u 0.001s 0:00.00 0.0%	0+0k 0+8io 0pf+0w
  Names of point group: m-3m   4/m -3 2/m   Oh
Number and name of space group: 225 (F m -3 m)
 next is symmetry 
>   symmetry	(15:58:39)  SPACE GROUP CONTAINS INVERSION
0.000u 0.002s 0:00.00 0.0%	0+0k 0+64io 0pf+0w
 next is lstart 
 1 Atoms found:  with labels Pr   
generate atomic configuration for atom 1 : Pr
  SELECT XCPOT:
  recommended: PBE    [(13) GGA of Perdew-Burke-Ernzerhof 96]
               LDA    [( 5)]
               WC     [(11)  GGA of Wu-Cohen 2006]
               PBESOL [(19) GGA of Perdew etal. 2008]
  SELECT ENERGY to separate core and valence states:
  recommended: -6.0 Ry (check how much core charge leaks out of MT-sphere)
  ALTERNATIVELY: specify charge localization
  (between 0.97 and 1.0) to select core state

Atomic configuration for atom: Pr    Z=  59.00
          E-up(Ry)      E-dn(Ry)   Occupancy   q/sphere  core-state
  1S   -3068.055465  -3068.055505  1.00  1.00    1.0000  T
  2S    -493.822656   -493.819391  1.00  1.00    1.0000  T
  2P*   -466.919786   -466.917600  1.00  1.00    1.0000  T
  2P    -431.523174   -431.520582  2.00  2.00    1.0000  T
  3S    -106.939720   -106.895497  1.00  1.00    1.0000  T
  3P*    -95.475456    -95.434741  1.00  1.00    1.0000  T
  3P     -88.470282    -88.424911  2.00  2.00    1.0000  T
  3D*    -68.391526    -68.356853  2.00  2.00    1.0000  T
  3D     -66.880675    -66.844791  3.00  3.00    1.0000  T
  4S     -21.655261    -21.541183  1.00  1.00    1.0000  T
  4P*    -17.361942    -17.247810  1.00  1.00    1.0000  T
  4P     -15.834490    -15.720256  2.00  2.00    1.0000  T
  4D*     -8.766986     -8.653007  2.00  2.00    1.0000  T
  4D      -8.497493     -8.383588  3.00  3.00    0.9999  T
  5S      -3.133362     -3.047345  1.00  1.00    0.9651  F
  5P*     -1.949743     -1.870655  1.00  1.00    0.9140  F
  5P      -1.725098     -1.649138  2.00  2.00    0.8858  F
  4F*     -0.522249     -0.416202  2.00  0.00    0.9732  F
  4F      -0.493311     -0.387589  0.00  0.00    0.0000  F
  5D*     -0.257537     -0.207275  1.00  0.00    0.4694  F
  6S      -0.300172     -0.273162  1.00  1.00    0.0827  F
 atom 1 has a large sphere and is a heavy element, consider setting HDLOs and/or larger LVNS 
>   inputfiles prepared	(15:58:40)  
 inputfiles prepared 
 next is kgen 
  NUMBER OF K-POINTS IN WHOLE CELL: (0 allows to specify 3 divisions of G)
 length of reciprocal lattice vectors:   1.029   1.029   1.029  17.100  17.100  17.100
         165  k-points generated, ndiv=          17          17          17
 next is dstart 
>   dstart  -p > & .mist	(15:58:40) running dstart in single mode
 C  T F
DSTART ENDS
0.191u 0.013s 0:00.20 100.0%	0+0k 0+264io 0pf+0w

-----> new case.in0 generated
  init_lapw finished ok  
